[debug] [2025-05-04T10:47:31.004Z] ----------------------------------------------------------------------
[debug] [2025-05-04T10:47:31.005Z] Command:       /Users/kamenonagare/.nvm/versions/node/v22.14.0/bin/node /Users/kamenonagare/.nvm/versions/node/v22.14.0/bin/firebase deploy --only functions --only functions:lineWebhook
[debug] [2025-05-04T10:47:31.006Z] CLI Version:   14.2.2
[debug] [2025-05-04T10:47:31.006Z] Platform:      darwin
[debug] [2025-05-04T10:47:31.006Z] Node Version:  v22.14.0
[debug] [2025-05-04T10:47:31.006Z] Time:          Sun May 04 2025 19:47:31 GMT+0900 (日本標準時)
[debug] [2025-05-04T10:47:31.006Z] ----------------------------------------------------------------------
[debug] 
[debug] [2025-05-04T10:47:31.109Z] Field "/functions" in "firebase.json" is possibly invalid: must be object
[debug] [2025-05-04T10:47:31.109Z] Object "/functions/0" in "firebase.json" has unknown property: {"additionalProperty":"region"}
[debug] [2025-05-04T10:47:31.109Z] Field "/functions" in "firebase.json" is possibly invalid: must match a schema in anyOf
[debug] [2025-05-04T10:47:31.117Z] > command requires scopes: ["email","openid","https://www.googleapis.com/auth/cloudplatformprojects.readonly","https://www.googleapis.com/auth/firebase","https://www.googleapis.com/auth/cloud-platform"]
[debug] [2025-05-04T10:47:31.117Z] > authorizing via signed-in user (nagare.0913@gmail.com)
[debug] [2025-05-04T10:47:31.117Z] [iam] checking project line-obsidian-notes-sync for permissions ["cloudfunctions.functions.create","cloudfunctions.functions.delete","cloudfunctions.functions.get","cloudfunctions.functions.list","cloudfunctions.functions.update","cloudfunctions.operations.get","firebase.projects.get"]
[debug] [2025-05-04T10:47:31.118Z] Checked if tokens are valid: true, expires at: 1746358718032
[debug] [2025-05-04T10:47:31.118Z] Checked if tokens are valid: true, expires at: 1746358718032
[debug] [2025-05-04T10:47:31.118Z] >>> [apiv2][query] POST https://cloudresourcemanager.googleapis.com/v1/projects/line-obsidian-notes-sync:testIamPermissions [none]
[debug] [2025-05-04T10:47:31.118Z] >>> [apiv2][(partial)header] POST https://cloudresourcemanager.googleapis.com/v1/projects/line-obsidian-notes-sync:testIamPermissions x-goog-quota-user=projects/line-obsidian-notes-sync
[debug] [2025-05-04T10:47:31.118Z] >>> [apiv2][body] POST https://cloudresourcemanager.googleapis.com/v1/projects/line-obsidian-notes-sync:testIamPermissions {"permissions":["cloudfunctions.functions.create","cloudfunctions.functions.delete","cloudfunctions.functions.get","cloudfunctions.functions.list","cloudfunctions.functions.update","cloudfunctions.operations.get","firebase.projects.get"]}
[debug] [2025-05-04T10:47:32.137Z] <<< [apiv2][status] POST https://cloudresourcemanager.googleapis.com/v1/projects/line-obsidian-notes-sync:testIamPermissions 200
[debug] [2025-05-04T10:47:32.138Z] <<< [apiv2][body] POST https://cloudresourcemanager.googleapis.com/v1/projects/line-obsidian-notes-sync:testIamPermissions {"permissions":["cloudfunctions.functions.create","cloudfunctions.functions.delete","cloudfunctions.functions.get","cloudfunctions.functions.list","cloudfunctions.functions.update","cloudfunctions.operations.get","firebase.projects.get"]}
[debug] [2025-05-04T10:47:32.139Z] Checked if tokens are valid: true, expires at: 1746358718032
[debug] [2025-05-04T10:47:32.139Z] Checked if tokens are valid: true, expires at: 1746358718032
[debug] [2025-05-04T10:47:32.139Z] >>> [apiv2][query] POST https://iam.googleapis.com/v1/projects/line-obsidian-notes-sync/serviceAccounts/line-obsidian-notes-sync@appspot.gserviceaccount.com:testIamPermissions [none]
[debug] [2025-05-04T10:47:32.139Z] >>> [apiv2][body] POST https://iam.googleapis.com/v1/projects/line-obsidian-notes-sync/serviceAccounts/line-obsidian-notes-sync@appspot.gserviceaccount.com:testIamPermissions {"permissions":["iam.serviceAccounts.actAs"]}
[debug] [2025-05-04T10:47:32.793Z] <<< [apiv2][status] POST https://iam.googleapis.com/v1/projects/line-obsidian-notes-sync/serviceAccounts/line-obsidian-notes-sync@appspot.gserviceaccount.com:testIamPermissions 200
[debug] [2025-05-04T10:47:32.793Z] <<< [apiv2][body] POST https://iam.googleapis.com/v1/projects/line-obsidian-notes-sync/serviceAccounts/line-obsidian-notes-sync@appspot.gserviceaccount.com:testIamPermissions {"permissions":["iam.serviceAccounts.actAs"]}
[info] 
[info] === Deploying to 'line-obsidian-notes-sync'...
[info] 
[info] i  deploying functions 
[info] Running command: npm --prefix "$RESOURCE_DIR" run lint
