[debug] [2025-05-04T09:47:14.371Z] ----------------------------------------------------------------------
[debug] [2025-05-04T09:47:14.373Z] Command:       /Users/kamenonagare/.nvm/versions/node/v22.14.0/bin/node /Users/kamenonagare/.nvm/versions/node/v22.14.0/bin/firebase deploy --only functions
[debug] [2025-05-04T09:47:14.373Z] CLI Version:   14.2.2
[debug] [2025-05-04T09:47:14.373Z] Platform:      darwin
[debug] [2025-05-04T09:47:14.373Z] Node Version:  v22.14.0
[debug] [2025-05-04T09:47:14.374Z] Time:          Sun May 04 2025 18:47:14 GMT+0900 (日本標準時)
[debug] [2025-05-04T09:47:14.374Z] ----------------------------------------------------------------------
[debug] 
[debug] [2025-05-04T09:47:14.467Z] > command requires scopes: ["email","openid","https://www.googleapis.com/auth/cloudplatformprojects.readonly","https://www.googleapis.com/auth/firebase","https://www.googleapis.com/auth/cloud-platform"]
[debug] [2025-05-04T09:47:14.467Z] > authorizing via signed-in user (nagare.0913@gmail.com)
[debug] [2025-05-04T09:47:14.467Z] [iam] checking project line-obsidian-notes-sync for permissions ["cloudfunctions.functions.create","cloudfunctions.functions.delete","cloudfunctions.functions.get","cloudfunctions.functions.list","cloudfunctions.functions.update","cloudfunctions.operations.get","firebase.projects.get"]
[debug] [2025-05-04T09:47:14.468Z] Checked if tokens are valid: true, expires at: 1746354299205
[debug] [2025-05-04T09:47:14.468Z] Checked if tokens are valid: true, expires at: 1746354299205
[debug] [2025-05-04T09:47:14.468Z] >>> [apiv2][query] POST https://cloudresourcemanager.googleapis.com/v1/projects/line-obsidian-notes-sync:testIamPermissions [none]
[debug] [2025-05-04T09:47:14.468Z] >>> [apiv2][(partial)header] POST https://cloudresourcemanager.googleapis.com/v1/projects/line-obsidian-notes-sync:testIamPermissions x-goog-quota-user=projects/line-obsidian-notes-sync
[debug] [2025-05-04T09:47:14.468Z] >>> [apiv2][body] POST https://cloudresourcemanager.googleapis.com/v1/projects/line-obsidian-notes-sync:testIamPermissions {"permissions":["cloudfunctions.functions.create","cloudfunctions.functions.delete","cloudfunctions.functions.get","cloudfunctions.functions.list","cloudfunctions.functions.update","cloudfunctions.operations.get","firebase.projects.get"]}
[debug] [2025-05-04T09:47:15.140Z] <<< [apiv2][status] POST https://cloudresourcemanager.googleapis.com/v1/projects/line-obsidian-notes-sync:testIamPermissions 200
[debug] [2025-05-04T09:47:15.141Z] <<< [apiv2][body] POST https://cloudresourcemanager.googleapis.com/v1/projects/line-obsidian-notes-sync:testIamPermissions {"permissions":["cloudfunctions.functions.create","cloudfunctions.functions.delete","cloudfunctions.functions.get","cloudfunctions.functions.list","cloudfunctions.functions.update","cloudfunctions.operations.get","firebase.projects.get"]}
[debug] [2025-05-04T09:47:15.141Z] Checked if tokens are valid: true, expires at: 1746354299205
[debug] [2025-05-04T09:47:15.141Z] Checked if tokens are valid: true, expires at: 1746354299205
[debug] [2025-05-04T09:47:15.141Z] >>> [apiv2][query] POST https://iam.googleapis.com/v1/projects/line-obsidian-notes-sync/serviceAccounts/line-obsidian-notes-sync@appspot.gserviceaccount.com:testIamPermissions [none]
[debug] [2025-05-04T09:47:15.141Z] >>> [apiv2][body] POST https://iam.googleapis.com/v1/projects/line-obsidian-notes-sync/serviceAccounts/line-obsidian-notes-sync@appspot.gserviceaccount.com:testIamPermissions {"permissions":["iam.serviceAccounts.actAs"]}
[debug] [2025-05-04T09:47:15.386Z] <<< [apiv2][status] POST https://iam.googleapis.com/v1/projects/line-obsidian-notes-sync/serviceAccounts/line-obsidian-notes-sync@appspot.gserviceaccount.com:testIamPermissions 200
[debug] [2025-05-04T09:47:15.386Z] <<< [apiv2][body] POST https://iam.googleapis.com/v1/projects/line-obsidian-notes-sync/serviceAccounts/line-obsidian-notes-sync@appspot.gserviceaccount.com:testIamPermissions {"permissions":["iam.serviceAccounts.actAs"]}
[info] 
[info] === Deploying to 'line-obsidian-notes-sync'...
[info] 
[info] i  deploying functions 
[info] Running command: npm --prefix "$RESOURCE_DIR" run lint
[info] Running command: npm --prefix "$RESOURCE_DIR" run build
[info] ✔  functions: Finished running predeploy script. 
[debug] [2025-05-04T09:47:16.640Z] Checked if tokens are valid: true, expires at: 1746354299205
[debug] [2025-05-04T09:47:16.640Z] Checked if tokens are valid: true, expires at: 1746354299205
[debug] [2025-05-04T09:47:16.640Z] >>> [apiv2][query] GET https://cloudresourcemanager.googleapis.com/v1/projects/line-obsidian-notes-sync [none]
[debug] [2025-05-04T09:47:16.813Z] <<< [apiv2][status] GET https://cloudresourcemanager.googleapis.com/v1/projects/line-obsidian-notes-sync 200
[debug] [2025-05-04T09:47:16.814Z] <<< [apiv2][body] GET https://cloudresourcemanager.googleapis.com/v1/projects/line-obsidian-notes-sync {"projectNumber":"90167880554","projectId":"line-obsidian-notes-sync","lifecycleState":"ACTIVE","name":"line-obsidian-notes-sync","labels":{"firebase":"enabled","firebase-core":"disabled"},"createTime":"2025-05-04T08:04:48.639454Z"}
[info] i  functions: preparing codebase default for deployment 
[info] i  functions: ensuring required API cloudfunctions.googleapis.com is enabled... 
[debug] [2025-05-04T09:47:16.814Z] Checked if tokens are valid: true, expires at: 1746354299205
[debug] [2025-05-04T09:47:16.814Z] Checked if tokens are valid: true, expires at: 1746354299205
[debug] [2025-05-04T09:47:16.814Z] Checked if tokens are valid: true, expires at: 1746354299205
[debug] [2025-05-04T09:47:16.814Z] Checked if tokens are valid: true, expires at: 1746354299205
[info] i  functions: ensuring required API cloudbuild.googleapis.com is enabled... 
[debug] [2025-05-04T09:47:16.815Z] Checked if tokens are valid: true, expires at: 1746354299205
[debug] [2025-05-04T09:47:16.815Z] Checked if tokens are valid: true, expires at: 1746354299205
[info] i  artifactregistry: ensuring required API artifactregistry.googleapis.com is enabled... 
[debug] [2025-05-04T09:47:16.815Z] Checked if tokens are valid: true, expires at: 1746354299205
[debug] [2025-05-04T09:47:16.815Z] Checked if tokens are valid: true, expires at: 1746354299205
[debug] [2025-05-04T09:47:16.815Z] >>> [apiv2][query] GET https://serviceusage.googleapis.com/v1/projects/line-obsidian-notes-sync/services/cloudfunctions.googleapis.com [none]
[debug] [2025-05-04T09:47:16.815Z] >>> [apiv2][(partial)header] GET https://serviceusage.googleapis.com/v1/projects/line-obsidian-notes-sync/services/cloudfunctions.googleapis.com x-goog-quota-user=projects/line-obsidian-notes-sync
[debug] [2025-05-04T09:47:16.816Z] >>> [apiv2][query] GET https://serviceusage.googleapis.com/v1/projects/line-obsidian-notes-sync/services/runtimeconfig.googleapis.com [none]
[debug] [2025-05-04T09:47:16.816Z] >>> [apiv2][(partial)header] GET https://serviceusage.googleapis.com/v1/projects/line-obsidian-notes-sync/services/runtimeconfig.googleapis.com x-goog-quota-user=projects/line-obsidian-notes-sync
[debug] [2025-05-04T09:47:16.816Z] >>> [apiv2][query] GET https://serviceusage.googleapis.com/v1/projects/line-obsidian-notes-sync/services/cloudbuild.googleapis.com [none]
[debug] [2025-05-04T09:47:16.816Z] >>> [apiv2][(partial)header] GET https://serviceusage.googleapis.com/v1/projects/line-obsidian-notes-sync/services/cloudbuild.googleapis.com x-goog-quota-user=projects/line-obsidian-notes-sync
[debug] [2025-05-04T09:47:16.817Z] >>> [apiv2][query] GET https://serviceusage.googleapis.com/v1/projects/line-obsidian-notes-sync/services/artifactregistry.googleapis.com [none]
[debug] [2025-05-04T09:47:16.817Z] >>> [apiv2][(partial)header] GET https://serviceusage.googleapis.com/v1/projects/line-obsidian-notes-sync/services/artifactregistry.googleapis.com x-goog-quota-user=projects/line-obsidian-notes-sync
[debug] [2025-05-04T09:47:17.795Z] <<< [apiv2][status] GET https://serviceusage.googleapis.com/v1/projects/line-obsidian-notes-sync/services/runtimeconfig.googleapis.com 200
[debug] [2025-05-04T09:47:17.795Z] <<< [apiv2][body] GET https://serviceusage.googleapis.com/v1/projects/line-obsidian-notes-sync/services/runtimeconfig.googleapis.com [omitted]
[debug] [2025-05-04T09:47:17.795Z] <<< [apiv2][status] GET https://serviceusage.googleapis.com/v1/projects/line-obsidian-notes-sync/services/cloudbuild.googleapis.com 200
[debug] [2025-05-04T09:47:17.795Z] <<< [apiv2][body] GET https://serviceusage.googleapis.com/v1/projects/line-obsidian-notes-sync/services/cloudbuild.googleapis.com [omitted]
[info] ✔  functions: required API cloudbuild.googleapis.com is enabled 
[debug] [2025-05-04T09:47:17.811Z] <<< [apiv2][status] GET https://serviceusage.googleapis.com/v1/projects/line-obsidian-notes-sync/services/cloudfunctions.googleapis.com 200
[debug] [2025-05-04T09:47:17.812Z] <<< [apiv2][body] GET https://serviceusage.googleapis.com/v1/projects/line-obsidian-notes-sync/services/cloudfunctions.googleapis.com [omitted]
[info] ✔  functions: required API cloudfunctions.googleapis.com is enabled 
[debug] [2025-05-04T09:47:17.825Z] <<< [apiv2][status] GET https://serviceusage.googleapis.com/v1/projects/line-obsidian-notes-sync/services/artifactregistry.googleapis.com 200
[debug] [2025-05-04T09:47:17.825Z] <<< [apiv2][body] GET https://serviceusage.googleapis.com/v1/projects/line-obsidian-notes-sync/services/artifactregistry.googleapis.com [omitted]
[info] ✔  artifactregistry: required API artifactregistry.googleapis.com is enabled 
[debug] [2025-05-04T09:47:17.825Z] Checked if tokens are valid: true, expires at: 1746354299205
[debug] [2025-05-04T09:47:17.826Z] Checked if tokens are valid: true, expires at: 1746354299205
[debug] [2025-05-04T09:47:17.826Z] >>> [apiv2][query] GET https://firebase.googleapis.com/v1beta1/projects/line-obsidian-notes-sync/adminSdkConfig [none]
[debug] [2025-05-04T09:47:18.144Z] <<< [apiv2][status] GET https://firebase.googleapis.com/v1beta1/projects/line-obsidian-notes-sync/adminSdkConfig 200
[debug] [2025-05-04T09:47:18.144Z] <<< [apiv2][body] GET https://firebase.googleapis.com/v1beta1/projects/line-obsidian-notes-sync/adminSdkConfig {"projectId":"line-obsidian-notes-sync","storageBucket":"line-obsidian-notes-sync.firebasestorage.app"}
[debug] [2025-05-04T09:47:18.145Z] Checked if tokens are valid: true, expires at: 1746354299205
[debug] [2025-05-04T09:47:18.145Z] Checked if tokens are valid: true, expires at: 1746354299205
[debug] [2025-05-04T09:47:18.145Z] >>> [apiv2][query] GET https://runtimeconfig.googleapis.com/v1beta1/projects/line-obsidian-notes-sync/configs [none]
[debug] [2025-05-04T09:47:18.454Z] <<< [apiv2][status] GET https://runtimeconfig.googleapis.com/v1beta1/projects/line-obsidian-notes-sync/configs 200
[debug] [2025-05-04T09:47:18.455Z] <<< [apiv2][body] GET https://runtimeconfig.googleapis.com/v1beta1/projects/line-obsidian-notes-sync/configs {"configs":[{"name":"projects/line-obsidian-notes-sync/configs/line"}]}
[debug] [2025-05-04T09:47:18.455Z] Checked if tokens are valid: true, expires at: 1746354299205
[debug] [2025-05-04T09:47:18.455Z] Checked if tokens are valid: true, expires at: 1746354299205
[debug] [2025-05-04T09:47:18.456Z] >>> [apiv2][query] GET https://runtimeconfig.googleapis.com/v1beta1/projects/line-obsidian-notes-sync/configs/line/variables [none]
[debug] [2025-05-04T09:47:18.706Z] <<< [apiv2][status] GET https://runtimeconfig.googleapis.com/v1beta1/projects/line-obsidian-notes-sync/configs/line/variables 200
[debug] [2025-05-04T09:47:18.706Z] <<< [apiv2][body] GET https://runtimeconfig.googleapis.com/v1beta1/projects/line-obsidian-notes-sync/configs/line/variables {"variables":[{"name":"projects/line-obsidian-notes-sync/configs/line/variables/channel_secret","updateTime":"2025-05-04T08:40:00.329164835Z"},{"name":"projects/line-obsidian-notes-sync/configs/line/variables/channel_access_token","updateTime":"2025-05-04T08:39:59.641956291Z"}]}
[debug] [2025-05-04T09:47:18.706Z] Checked if tokens are valid: true, expires at: 1746354299205
[debug] [2025-05-04T09:47:18.706Z] Checked if tokens are valid: true, expires at: 1746354299205
[debug] [2025-05-04T09:47:18.706Z] Checked if tokens are valid: true, expires at: 1746354299205
[debug] [2025-05-04T09:47:18.706Z] Checked if tokens are valid: true, expires at: 1746354299205
[debug] [2025-05-04T09:47:18.707Z] >>> [apiv2][query] GET https://runtimeconfig.googleapis.com/v1beta1/projects/line-obsidian-notes-sync/configs/line/variables/channel_secret [none]
[debug] [2025-05-04T09:47:18.707Z] >>> [apiv2][query] GET https://runtimeconfig.googleapis.com/v1beta1/projects/line-obsidian-notes-sync/configs/line/variables/channel_access_token [none]
[debug] [2025-05-04T09:47:18.957Z] <<< [apiv2][status] GET https://runtimeconfig.googleapis.com/v1beta1/projects/line-obsidian-notes-sync/configs/line/variables/channel_secret 200
[debug] [2025-05-04T09:47:18.957Z] <<< [apiv2][body] GET https://runtimeconfig.googleapis.com/v1beta1/projects/line-obsidian-notes-sync/configs/line/variables/channel_secret {"name":"projects/line-obsidian-notes-sync/configs/line/variables/channel_secret","updateTime":"2025-05-04T08:40:00.329164835Z","text":"33ac019fa6cf9d63cb71ecfb144501f3"}
[debug] [2025-05-04T09:47:18.998Z] <<< [apiv2][status] GET https://runtimeconfig.googleapis.com/v1beta1/projects/line-obsidian-notes-sync/configs/line/variables/channel_access_token 200
[debug] [2025-05-04T09:47:18.998Z] <<< [apiv2][body] GET https://runtimeconfig.googleapis.com/v1beta1/projects/line-obsidian-notes-sync/configs/line/variables/channel_access_token {"name":"projects/line-obsidian-notes-sync/configs/line/variables/channel_access_token","updateTime":"2025-05-04T08:39:59.641956291Z","text":"62A1y9H+smIF+K8Hn/eRhF2sQzqmGVF7+T5a4OtG5eFth3HKwboszgijjtIZexUfYqgXKbEkk2me4hZ/RSLOdxtK0BYxDDyUddUtzkwtYTITrkyfmjaeIFdEoo2Ffu4De12PPg69QUcYBPeqshlVJQdB04t89/1O/w1cDnyilFU="}
[debug] [2025-05-04T09:47:18.999Z] Validating nodejs source
[warn] ⚠  functions: Runtime Node.js 18 was deprecated on 2025-04-30 and will be decommissioned on 2025-10-31, after which you will not be able to deploy without upgrading. Consider upgrading now to avoid disruption. See https://cloud.google.com/functions/docs/runtime-support for full details on the lifecycle policy 
[debug] [2025-05-04T09:47:19.409Z] > [functions] package.json contents: {
  "name": "functions",
  "version": "1.0.0",
  "main": "lib/index.js",
  "scripts": {
    "build": "tsc",
    "lint": "echo 'No linting configured'",
    "serve": "npm run build && firebase emulators:start --only functions",
    "shell": "npm run build && firebase functions:shell",
    "start": "npm run shell",
    "deploy": "firebase deploy --only functions",
    "logs": "firebase functions:log"
  },
  "keywords": [],
  "author": "",
  "license": "ISC",
  "description": "",
  "dependencies": {
    "@line/bot-sdk": "^9.9.0",
    "cors": "^2.8.5",
    "express": "^4.18.2",
    "firebase-admin": "^13.3.0",
    "firebase-functions": "^6.3.2",
    "typescript": "^5.8.3"
  },
  "engines": {
    "node": "18"
  }
}
[debug] [2025-05-04T09:47:19.409Z] Building nodejs source
[info] i  functions: Loading and analyzing source code for codebase default to determine what to deploy 
[debug] [2025-05-04T09:47:19.409Z] Could not find functions.yaml. Must use http discovery
[debug] [2025-05-04T09:47:19.413Z] Found firebase-functions binary at '/Users/kamenonagare/obsidian_plugin/line-to-obsidian-plugin/functions/node_modules/.bin/firebase-functions'
[info] Serving at port 8157

[debug] [2025-05-04T09:47:19.879Z] Got response from /__/functions.yaml {"endpoints":{"api":{"availableMemoryMb":null,"timeoutSeconds":null,"minInstances":null,"maxInstances":null,"ingressSettings":null,"concurrency":null,"serviceAccountEmail":null,"vpc":null,"platform":"gcfv2","region":["asia-northeast1"],"labels":{},"httpsTrigger":{},"entryPoint":"api"}},"specVersion":"v1alpha1","requiredAPIs":[],"extensions":{}}
[info] i  extensions: ensuring required API firebaseextensions.googleapis.com is enabled... 
[debug] [2025-05-04T09:47:23.895Z] Checked if tokens are valid: true, expires at: 1746354299205
[debug] [2025-05-04T09:47:23.895Z] Checked if tokens are valid: true, expires at: 1746354299205
[debug] [2025-05-04T09:47:23.895Z] >>> [apiv2][query] GET https://serviceusage.googleapis.com/v1/projects/line-obsidian-notes-sync/services/firebaseextensions.googleapis.com [none]
[debug] [2025-05-04T09:47:23.895Z] >>> [apiv2][(partial)header] GET https://serviceusage.googleapis.com/v1/projects/line-obsidian-notes-sync/services/firebaseextensions.googleapis.com x-goog-quota-user=projects/line-obsidian-notes-sync
[debug] [2025-05-04T09:47:24.860Z] <<< [apiv2][status] GET https://serviceusage.googleapis.com/v1/projects/line-obsidian-notes-sync/services/firebaseextensions.googleapis.com 200
[debug] [2025-05-04T09:47:24.860Z] <<< [apiv2][body] GET https://serviceusage.googleapis.com/v1/projects/line-obsidian-notes-sync/services/firebaseextensions.googleapis.com [omitted]
[info] ✔  extensions: required API firebaseextensions.googleapis.com is enabled 
[debug] [2025-05-04T09:47:24.861Z] > command requires scopes: ["email","openid","https://www.googleapis.com/auth/cloudplatformprojects.readonly","https://www.googleapis.com/auth/firebase","https://www.googleapis.com/auth/cloud-platform"]
[debug] [2025-05-04T09:47:24.861Z] > authorizing via signed-in user (nagare.0913@gmail.com)
[debug] [2025-05-04T09:47:24.861Z] [iam] checking project line-obsidian-notes-sync for permissions ["firebase.projects.get","firebaseextensions.instances.list"]
[debug] [2025-05-04T09:47:24.861Z] Checked if tokens are valid: true, expires at: 1746354299205
[debug] [2025-05-04T09:47:24.861Z] Checked if tokens are valid: true, expires at: 1746354299205
[debug] [2025-05-04T09:47:24.861Z] >>> [apiv2][query] POST https://cloudresourcemanager.googleapis.com/v1/projects/line-obsidian-notes-sync:testIamPermissions [none]
[debug] [2025-05-04T09:47:24.862Z] >>> [apiv2][(partial)header] POST https://cloudresourcemanager.googleapis.com/v1/projects/line-obsidian-notes-sync:testIamPermissions x-goog-quota-user=projects/line-obsidian-notes-sync
[debug] [2025-05-04T09:47:24.862Z] >>> [apiv2][body] POST https://cloudresourcemanager.googleapis.com/v1/projects/line-obsidian-notes-sync:testIamPermissions {"permissions":["firebase.projects.get","firebaseextensions.instances.list"]}
[debug] [2025-05-04T09:47:25.059Z] <<< [apiv2][status] POST https://cloudresourcemanager.googleapis.com/v1/projects/line-obsidian-notes-sync:testIamPermissions 200
[debug] [2025-05-04T09:47:25.060Z] <<< [apiv2][body] POST https://cloudresourcemanager.googleapis.com/v1/projects/line-obsidian-notes-sync:testIamPermissions {"permissions":["firebase.projects.get","firebaseextensions.instances.list"]}
[debug] [2025-05-04T09:47:25.060Z] Checked if tokens are valid: true, expires at: 1746354299205
[debug] [2025-05-04T09:47:25.060Z] Checked if tokens are valid: true, expires at: 1746354299205
[debug] [2025-05-04T09:47:25.060Z] >>> [apiv2][query] GET https://firebaseextensions.googleapis.com/v1beta/projects/line-obsidian-notes-sync/instances pageSize=100&pageToken=
[debug] [2025-05-04T09:47:25.903Z] <<< [apiv2][status] GET https://firebaseextensions.googleapis.com/v1beta/projects/line-obsidian-notes-sync/instances 200
[debug] [2025-05-04T09:47:25.903Z] <<< [apiv2][body] GET https://firebaseextensions.googleapis.com/v1beta/projects/line-obsidian-notes-sync/instances {}
[info] i  functions: preparing functions directory for uploading... 
[info] i  functions: packaged /Users/kamenonagare/obsidian_plugin/line-to-obsidian-plugin/functions (46.42 KB) for uploading 
[debug] [2025-05-04T09:47:25.946Z] Checked if tokens are valid: true, expires at: 1746354299205
[debug] [2025-05-04T09:47:25.946Z] Checked if tokens are valid: true, expires at: 1746354299205
[debug] [2025-05-04T09:47:25.946Z] >>> [apiv2][query] GET https://cloudfunctions.googleapis.com/v1/projects/line-obsidian-notes-sync/locations/-/functions [none]
[debug] [2025-05-04T09:47:26.689Z] <<< [apiv2][status] GET https://cloudfunctions.googleapis.com/v1/projects/line-obsidian-notes-sync/locations/-/functions 200
[debug] [2025-05-04T09:47:26.689Z] <<< [apiv2][body] GET https://cloudfunctions.googleapis.com/v1/projects/line-obsidian-notes-sync/locations/-/functions {}
[debug] [2025-05-04T09:47:26.689Z] Checked if tokens are valid: true, expires at: 1746354299205
[debug] [2025-05-04T09:47:26.689Z] Checked if tokens are valid: true, expires at: 1746354299205
[debug] [2025-05-04T09:47:26.689Z] >>> [apiv2][query] GET https://cloudfunctions.googleapis.com/v2/projects/line-obsidian-notes-sync/locations/-/functions filter=environment%3D%22GEN_2%22
[debug] [2025-05-04T09:47:27.998Z] <<< [apiv2][status] GET https://cloudfunctions.googleapis.com/v2/projects/line-obsidian-notes-sync/locations/-/functions 200
[debug] [2025-05-04T09:47:27.999Z] <<< [apiv2][body] GET https://cloudfunctions.googleapis.com/v2/projects/line-obsidian-notes-sync/locations/-/functions {"functions":[{"name":"projects/line-obsidian-notes-sync/locations/asia-northeast1/functions/api","buildConfig":{"build":"projects/90167880554/locations/asia-northeast1/builds/a395d9c6-930c-42fd-89b5-f62c076a1176","runtime":"nodejs18","entryPoint":"api","source":{"storageSource":{"bucket":"gcf-v2-sources-90167880554-asia-northeast1","object":"api/function-source.zip","generation":"1746351193773292"}},"environmentVariables":{"GOOGLE_NODE_RUN_SCRIPTS":""},"dockerRepository":"projects/line-obsidian-notes-sync/locations/asia-northeast1/repositories/gcf-artifacts","sourceProvenance":{"resolvedStorageSource":{"bucket":"gcf-v2-sources-90167880554-asia-northeast1","object":"api/function-source.zip","generation":"1746351193773292"}},"dockerRegistry":"ARTIFACT_REGISTRY","serviceAccount":"projects/line-obsidian-notes-sync/serviceAccounts/90167880554-compute@developer.gserviceaccount.com","automaticUpdatePolicy":{}},"state":"FAILED","updateTime":"2025-05-04T09:34:35.973866060Z","labels":{"deployment-tool":"cli-firebase","firebase-functions-hash":"42c91f2b63443f81c9070c87d8eba08215b8eb5c"},"stateMessages":[{"severity":"ERROR","type":"CloudRunServiceNotFound","message":"Cloud Run service projects/line-obsidian-notes-sync/locations/asia-northeast1/services/api for the function was not found. The function will not work correctly. Please redeploy."}],"environment":"GEN_2","url":"https://asia-northeast1-line-obsidian-notes-sync.cloudfunctions.net/api","createTime":"2025-05-04T09:33:14.276856957Z","satisfiesPzi":true}]}
[info] i  functions: ensuring required API run.googleapis.com is enabled... 
[debug] [2025-05-04T09:47:28.003Z] Checked if tokens are valid: true, expires at: 1746354299205
[debug] [2025-05-04T09:47:28.003Z] Checked if tokens are valid: true, expires at: 1746354299205
[info] i  functions: ensuring required API eventarc.googleapis.com is enabled... 
[debug] [2025-05-04T09:47:28.003Z] Checked if tokens are valid: true, expires at: 1746354299205
[debug] [2025-05-04T09:47:28.004Z] Checked if tokens are valid: true, expires at: 1746354299205
[info] i  functions: ensuring required API pubsub.googleapis.com is enabled... 
[debug] [2025-05-04T09:47:28.004Z] Checked if tokens are valid: true, expires at: 1746354299205
[debug] [2025-05-04T09:47:28.004Z] Checked if tokens are valid: true, expires at: 1746354299205
[info] i  functions: ensuring required API storage.googleapis.com is enabled... 
[debug] [2025-05-04T09:47:28.004Z] Checked if tokens are valid: true, expires at: 1746354299205
[debug] [2025-05-04T09:47:28.004Z] Checked if tokens are valid: true, expires at: 1746354299205
[debug] [2025-05-04T09:47:28.004Z] >>> [apiv2][query] GET https://serviceusage.googleapis.com/v1/projects/line-obsidian-notes-sync/services/run.googleapis.com [none]
[debug] [2025-05-04T09:47:28.004Z] >>> [apiv2][(partial)header] GET https://serviceusage.googleapis.com/v1/projects/line-obsidian-notes-sync/services/run.googleapis.com x-goog-quota-user=projects/line-obsidian-notes-sync
[debug] [2025-05-04T09:47:28.005Z] >>> [apiv2][query] GET https://serviceusage.googleapis.com/v1/projects/line-obsidian-notes-sync/services/eventarc.googleapis.com [none]
[debug] [2025-05-04T09:47:28.005Z] >>> [apiv2][(partial)header] GET https://serviceusage.googleapis.com/v1/projects/line-obsidian-notes-sync/services/eventarc.googleapis.com x-goog-quota-user=projects/line-obsidian-notes-sync
[debug] [2025-05-04T09:47:28.008Z] >>> [apiv2][query] GET https://serviceusage.googleapis.com/v1/projects/line-obsidian-notes-sync/services/pubsub.googleapis.com [none]
[debug] [2025-05-04T09:47:28.008Z] >>> [apiv2][(partial)header] GET https://serviceusage.googleapis.com/v1/projects/line-obsidian-notes-sync/services/pubsub.googleapis.com x-goog-quota-user=projects/line-obsidian-notes-sync
[debug] [2025-05-04T09:47:28.010Z] >>> [apiv2][query] GET https://serviceusage.googleapis.com/v1/projects/line-obsidian-notes-sync/services/storage.googleapis.com [none]
[debug] [2025-05-04T09:47:28.010Z] >>> [apiv2][(partial)header] GET https://serviceusage.googleapis.com/v1/projects/line-obsidian-notes-sync/services/storage.googleapis.com x-goog-quota-user=projects/line-obsidian-notes-sync
[debug] [2025-05-04T09:47:28.252Z] <<< [apiv2][status] GET https://serviceusage.googleapis.com/v1/projects/line-obsidian-notes-sync/services/run.googleapis.com 200
[debug] [2025-05-04T09:47:28.252Z] <<< [apiv2][body] GET https://serviceusage.googleapis.com/v1/projects/line-obsidian-notes-sync/services/run.googleapis.com [omitted]
[info] ✔  functions: required API run.googleapis.com is enabled 
[debug] [2025-05-04T09:47:28.994Z] <<< [apiv2][status] GET https://serviceusage.googleapis.com/v1/projects/line-obsidian-notes-sync/services/eventarc.googleapis.com 200
[debug] [2025-05-04T09:47:28.995Z] <<< [apiv2][body] GET https://serviceusage.googleapis.com/v1/projects/line-obsidian-notes-sync/services/eventarc.googleapis.com [omitted]
[info] ✔  functions: required API eventarc.googleapis.com is enabled 
[debug] [2025-05-04T09:47:28.999Z] <<< [apiv2][status] GET https://serviceusage.googleapis.com/v1/projects/line-obsidian-notes-sync/services/pubsub.googleapis.com 200
[debug] [2025-05-04T09:47:28.999Z] <<< [apiv2][body] GET https://serviceusage.googleapis.com/v1/projects/line-obsidian-notes-sync/services/pubsub.googleapis.com [omitted]
[info] ✔  functions: required API pubsub.googleapis.com is enabled 
[debug] [2025-05-04T09:47:29.003Z] <<< [apiv2][status] GET https://serviceusage.googleapis.com/v1/projects/line-obsidian-notes-sync/services/storage.googleapis.com 200
[debug] [2025-05-04T09:47:29.003Z] <<< [apiv2][body] GET https://serviceusage.googleapis.com/v1/projects/line-obsidian-notes-sync/services/storage.googleapis.com [omitted]
[info] ✔  functions: required API storage.googleapis.com is enabled 
[info] i  functions: generating the service identity for pubsub.googleapis.com... 
[debug] [2025-05-04T09:47:29.004Z] Checked if tokens are valid: true, expires at: 1746354299205
[debug] [2025-05-04T09:47:29.004Z] Checked if tokens are valid: true, expires at: 1746354299205
[info] i  functions: generating the service identity for eventarc.googleapis.com... 
[debug] [2025-05-04T09:47:29.004Z] Checked if tokens are valid: true, expires at: 1746354299205
[debug] [2025-05-04T09:47:29.004Z] Checked if tokens are valid: true, expires at: 1746354299205
[debug] [2025-05-04T09:47:29.004Z] >>> [apiv2][query] POST https://serviceusage.googleapis.com/v1beta1/projects/90167880554/services/pubsub.googleapis.com:generateServiceIdentity [none]
[debug] [2025-05-04T09:47:29.005Z] >>> [apiv2][query] POST https://serviceusage.googleapis.com/v1beta1/projects/90167880554/services/eventarc.googleapis.com:generateServiceIdentity [none]
[debug] [2025-05-04T09:47:29.339Z] <<< [apiv2][status] POST https://serviceusage.googleapis.com/v1beta1/projects/90167880554/services/pubsub.googleapis.com:generateServiceIdentity 200
[debug] [2025-05-04T09:47:29.340Z] <<< [apiv2][body] POST https://serviceusage.googleapis.com/v1beta1/projects/90167880554/services/pubsub.googleapis.com:generateServiceIdentity {"name":"operations/finished.DONE_OPERATION","done":true,"response":{"@type":"type.googleapis.com/google.api.serviceusage.v1beta1.ServiceIdentity","email":"service-90167880554@gcp-sa-pubsub.iam.gserviceaccount.com","uniqueId":"107489850105387640817"}}
[debug] [2025-05-04T09:47:29.360Z] <<< [apiv2][status] POST https://serviceusage.googleapis.com/v1beta1/projects/90167880554/services/eventarc.googleapis.com:generateServiceIdentity 200
[debug] [2025-05-04T09:47:29.360Z] <<< [apiv2][body] POST https://serviceusage.googleapis.com/v1beta1/projects/90167880554/services/eventarc.googleapis.com:generateServiceIdentity {"name":"operations/finished.DONE_OPERATION","done":true,"response":{"@type":"type.googleapis.com/google.api.serviceusage.v1beta1.ServiceIdentity","email":"service-90167880554@gcp-sa-eventarc.iam.gserviceaccount.com","uniqueId":"116461468523111070710"}}
[debug] [2025-05-04T09:47:29.362Z] Checked if tokens are valid: true, expires at: 1746354299205
[debug] [2025-05-04T09:47:29.363Z] Checked if tokens are valid: true, expires at: 1746354299205
[debug] [2025-05-04T09:47:29.363Z] >>> [apiv2][query] GET https://cloudresourcemanager.googleapis.com/v1/projects/line-obsidian-notes-sync [none]
[debug] [2025-05-04T09:47:29.541Z] <<< [apiv2][status] GET https://cloudresourcemanager.googleapis.com/v1/projects/line-obsidian-notes-sync 200
[debug] [2025-05-04T09:47:29.542Z] <<< [apiv2][body] GET https://cloudresourcemanager.googleapis.com/v1/projects/line-obsidian-notes-sync {"projectNumber":"90167880554","projectId":"line-obsidian-notes-sync","lifecycleState":"ACTIVE","name":"line-obsidian-notes-sync","labels":{"firebase":"enabled","firebase-core":"disabled"},"createTime":"2025-05-04T08:04:48.639454Z"}
[debug] [2025-05-04T09:47:29.544Z] Checked if tokens are valid: true, expires at: 1746354299205
[debug] [2025-05-04T09:47:29.544Z] Checked if tokens are valid: true, expires at: 1746354299205
[debug] [2025-05-04T09:47:29.544Z] >>> [apiv2][query] GET https://cloudbilling.googleapis.com/v1/projects/line-obsidian-notes-sync/billingInfo [none]
[debug] [2025-05-04T09:47:30.655Z] <<< [apiv2][status] GET https://cloudbilling.googleapis.com/v1/projects/line-obsidian-notes-sync/billingInfo 200
[debug] [2025-05-04T09:47:30.655Z] <<< [apiv2][body] GET https://cloudbilling.googleapis.com/v1/projects/line-obsidian-notes-sync/billingInfo {"name":"projects/line-obsidian-notes-sync/billingInfo","projectId":"line-obsidian-notes-sync","billingAccountName":"billingAccounts/01433B-F6A21F-3B024A","billingEnabled":true}
[debug] [2025-05-04T09:47:30.656Z] Checked if tokens are valid: true, expires at: 1746354299205
[debug] [2025-05-04T09:47:30.656Z] Checked if tokens are valid: true, expires at: 1746354299205
[debug] [2025-05-04T09:47:30.656Z] >>> [apiv2][query] POST https://cloudfunctions.googleapis.com/v2/projects/line-obsidian-notes-sync/locations/asia-northeast1/functions:generateUploadUrl [none]
[debug] [2025-05-04T09:47:31.113Z] <<< [apiv2][status] POST https://cloudfunctions.googleapis.com/v2/projects/line-obsidian-notes-sync/locations/asia-northeast1/functions:generateUploadUrl 200
[debug] [2025-05-04T09:47:31.113Z] <<< [apiv2][body] POST https://cloudfunctions.googleapis.com/v2/projects/line-obsidian-notes-sync/locations/asia-northeast1/functions:generateUploadUrl {"uploadUrl":"https://storage.googleapis.com/gcf-v2-uploads-90167880554.asia-northeast1.cloudfunctions.appspot.com/58179185-db1a-4b7a-aa9d-5ad1e16c0021.zip?GoogleAccessId=service-90167880554@gcf-admin-robot.iam.gserviceaccount.com&Expires=1746353851&Signature=nbv4Fef%2Fq2s6yRPbCL1r5Du1TScUjAuqRjUHvd5lXIYqOu04uEY%2Bk%2ByZLtGPOFbfETe7XWZsqjBA85bmGh24wwcew6F%2Bu0YhIFiFmfxQ1DiEynmF%2FKyY04hnOKQ0gYtoxKHgeOuPqFly6P5b%2FFMbBOBvOYFaIDrhwjnRhpFOvZ1rSVmQ2bzPGQLwUO7dHM3q5xXErn5V%2F3lH3zTCSO2VkEzVioEjBqa72wyXAvLCY7qVmfdXfgwquo9kEll%2BPdubf4I7g4KMgRQsDM17VZ%2BfReGOAWsYOR%2B%2FJ8y2aCIsRgUaDFDu0dKkWP9ZLZDqe4ZOGAK%2BbHa47FiyGXTGhurXAw%3D%3D","storageSource":{"bucket":"gcf-v2-uploads-90167880554.asia-northeast1.cloudfunctions.appspot.com","object":"58179185-db1a-4b7a-aa9d-5ad1e16c0021.zip"}}
[debug] [2025-05-04T09:47:31.115Z] >>> [apiv2][query] PUT https://storage.googleapis.com/gcf-v2-uploads-90167880554.asia-northeast1.cloudfunctions.appspot.com/58179185-db1a-4b7a-aa9d-5ad1e16c0021.zip GoogleAccessId=service-90167880554%40gcf-admin-robot.iam.gserviceaccount.com&Expires=1746353851&Signature=nbv4Fef%2Fq2s6yRPbCL1r5Du1TScUjAuqRjUHvd5lXIYqOu04uEY%2Bk%2ByZLtGPOFbfETe7XWZsqjBA85bmGh24wwcew6F%2Bu0YhIFiFmfxQ1DiEynmF%2FKyY04hnOKQ0gYtoxKHgeOuPqFly6P5b%2FFMbBOBvOYFaIDrhwjnRhpFOvZ1rSVmQ2bzPGQLwUO7dHM3q5xXErn5V%2F3lH3zTCSO2VkEzVioEjBqa72wyXAvLCY7qVmfdXfgwquo9kEll%2BPdubf4I7g4KMgRQsDM17VZ%2BfReGOAWsYOR%2B%2FJ8y2aCIsRgUaDFDu0dKkWP9ZLZDqe4ZOGAK%2BbHa47FiyGXTGhurXAw%3D%3D
[debug] [2025-05-04T09:47:31.115Z] >>> [apiv2][body] PUT https://storage.googleapis.com/gcf-v2-uploads-90167880554.asia-northeast1.cloudfunctions.appspot.com/58179185-db1a-4b7a-aa9d-5ad1e16c0021.zip [stream]
[debug] [2025-05-04T09:47:31.259Z] <<< [apiv2][status] PUT https://storage.googleapis.com/gcf-v2-uploads-90167880554.asia-northeast1.cloudfunctions.appspot.com/58179185-db1a-4b7a-aa9d-5ad1e16c0021.zip 200
[debug] [2025-05-04T09:47:31.259Z] <<< [apiv2][body] PUT https://storage.googleapis.com/gcf-v2-uploads-90167880554.asia-northeast1.cloudfunctions.appspot.com/58179185-db1a-4b7a-aa9d-5ad1e16c0021.zip [omitted]
[info] ✔  functions: functions folder uploaded successfully 
[info] i  functions: updating Node.js 18 (2nd Gen) function api(asia-northeast1)... 
[debug] [2025-05-04T09:47:31.262Z] Checked if tokens are valid: true, expires at: 1746354299205
[debug] [2025-05-04T09:47:31.262Z] Checked if tokens are valid: true, expires at: 1746354299205
[debug] [2025-05-04T09:47:31.262Z] >>> [apiv2][query] PATCH https://cloudfunctions.googleapis.com/v2/projects/line-obsidian-notes-sync/locations/asia-northeast1/functions/api updateMask=name%2CbuildConfig.runtime%2CbuildConfig.entryPoint%2CbuildConfig.source.storageSource.bucket%2CbuildConfig.source.storageSource.object%2CbuildConfig.environmentVariables%2CbuildConfig.sourceToken%2CserviceConfig.environmentVariables%2CserviceConfig.ingressSettings%2CserviceConfig.timeoutSeconds%2CserviceConfig.serviceAccountEmail%2CserviceConfig.availableMemory%2CserviceConfig.minInstanceCount%2CserviceConfig.maxInstanceCount%2CserviceConfig.maxInstanceRequestConcurrency%2CserviceConfig.availableCpu%2CserviceConfig.vpcConnector%2CserviceConfig.vpcConnectorEgressSettings%2Clabels%2CbuildConfig.buildEnvironmentVariables
[debug] [2025-05-04T09:47:31.262Z] >>> [apiv2][body] PATCH https://cloudfunctions.googleapis.com/v2/projects/line-obsidian-notes-sync/locations/asia-northeast1/functions/api {"name":"projects/line-obsidian-notes-sync/locations/asia-northeast1/functions/api","buildConfig":{"runtime":"nodejs18","entryPoint":"api","source":{"storageSource":{"bucket":"gcf-v2-uploads-90167880554.asia-northeast1.cloudfunctions.appspot.com","object":"58179185-db1a-4b7a-aa9d-5ad1e16c0021.zip"}},"environmentVariables":{"GOOGLE_NODE_RUN_SCRIPTS":""}},"serviceConfig":{"environmentVariables":{"FIREBASE_CONFIG":"{\"projectId\":\"line-obsidian-notes-sync\",\"storageBucket\":\"line-obsidian-notes-sync.firebasestorage.app\"}","GCLOUD_PROJECT":"line-obsidian-notes-sync","EVENTARC_CLOUD_EVENT_SOURCE":"projects/line-obsidian-notes-sync/locations/asia-northeast1/services/api","FUNCTION_TARGET":"api","LOG_EXECUTION_ID":"true"},"ingressSettings":null,"timeoutSeconds":null,"serviceAccountEmail":null,"availableMemory":"256Mi","minInstanceCount":null,"maxInstanceCount":null,"maxInstanceRequestConcurrency":80,"availableCpu":"1","vpcConnector":null,"vpcConnectorEgressSettings":null},"labels":{"deployment-tool":"cli-firebase","firebase-functions-hash":"909e2f2de3cc5addc8c1adb107ea465e73f67be7"}}
[debug] [2025-05-04T09:47:32.459Z] <<< [apiv2][status] PATCH https://cloudfunctions.googleapis.com/v2/projects/line-obsidian-notes-sync/locations/asia-northeast1/functions/api 200
[debug] [2025-05-04T09:47:32.459Z] <<< [apiv2][body] PATCH https://cloudfunctions.googleapis.com/v2/projects/line-obsidian-notes-sync/locations/asia-northeast1/functions/api {"name":"projects/line-obsidian-notes-sync/locations/asia-northeast1/operations/operation-1746352051623-6344c45b095e3-0db68beb-180bb3bd","metadata":{"@type":"type.googleapis.com/google.cloud.functions.v2.OperationMetadata","createTime":"2025-05-04T09:47:32.457559353Z","target":"projects/line-obsidian-notes-sync/locations/asia-northeast1/functions/api","verb":"update","cancelRequested":false,"apiVersion":"v2"},"done":false}
[debug] [2025-05-04T09:47:32.460Z] Checked if tokens are valid: true, expires at: 1746354299205
[debug] [2025-05-04T09:47:32.460Z] Checked if tokens are valid: true, expires at: 1746354299205
[debug] [2025-05-04T09:47:32.460Z] >>> [apiv2][query] GET https://cloudfunctions.googleapis.com/v2/projects/line-obsidian-notes-sync/locations/asia-northeast1/operations/operation-1746352051623-6344c45b095e3-0db68beb-180bb3bd [none]
[debug] [2025-05-04T09:47:32.804Z] <<< [apiv2][status] GET https://cloudfunctions.googleapis.com/v2/projects/line-obsidian-notes-sync/locations/asia-northeast1/operations/operation-1746352051623-6344c45b095e3-0db68beb-180bb3bd 200
[debug] [2025-05-04T09:47:32.804Z] <<< [apiv2][body] GET https://cloudfunctions.googleapis.com/v2/projects/line-obsidian-notes-sync/locations/asia-northeast1/operations/operation-1746352051623-6344c45b095e3-0db68beb-180bb3bd {"name":"projects/line-obsidian-notes-sync/locations/asia-northeast1/operations/operation-1746352051623-6344c45b095e3-0db68beb-180bb3bd","metadata":{"@type":"type.googleapis.com/google.cloud.functions.v2.OperationMetadata","createTime":"2025-05-04T09:47:32.457559353Z","target":"projects/line-obsidian-notes-sync/locations/asia-northeast1/functions/api","verb":"update","cancelRequested":false,"apiVersion":"v2","requestResource":{"@type":"type.googleapis.com/google.cloud.functions.v2.Function","name":"projects/line-obsidian-notes-sync/locations/asia-northeast1/functions/api","buildConfig":{"runtime":"nodejs18","entryPoint":"api","source":{"storageSource":{"bucket":"gcf-v2-sources-90167880554-asia-northeast1","object":"api/function-source.zip","generation":"1746352052425673"}},"environmentVariables":{"GOOGLE_NODE_RUN_SCRIPTS":""},"dockerRepository":"projects/line-obsidian-notes-sync/locations/asia-northeast1/repositories/gcf-artifacts","sourceProvenance":{"resolvedStorageSource":{"bucket":"gcf-v2-sources-90167880554-asia-northeast1","object":"api/function-source.zip","generation":"1746351193773292"}},"dockerRegistry":"ARTIFACT_REGISTRY","serviceAccount":"projects/line-obsidian-notes-sync/serviceAccounts/90167880554-compute@developer.gserviceaccount.com","automaticUpdatePolicy":{}},"serviceConfig":{"service":"projects/line-obsidian-notes-sync/locations/asia-northeast1/services/api","timeoutSeconds":60,"environmentVariables":{"FIREBASE_CONFIG":"{\"projectId\":\"line-obsidian-notes-sync\",\"storageBucket\":\"line-obsidian-notes-sync.firebasestorage.app\"}","GCLOUD_PROJECT":"line-obsidian-notes-sync","EVENTARC_CLOUD_EVENT_SOURCE":"projects/line-obsidian-notes-sync/locations/asia-northeast1/services/api","FUNCTION_TARGET":"api","LOG_EXECUTION_ID":"true"},"ingressSettings":"ALLOW_ALL","serviceAccountEmail":"90167880554-compute@developer.gserviceaccount.com","availableMemory":"256Mi","maxInstanceRequestConcurrency":80,"availableCpu":"1"},"state":"FAILED","labels":{"firebase-functions-hash":"909e2f2de3cc5addc8c1adb107ea465e73f67be7"},"stateMessages":[{"severity":"ERROR","type":"CloudRunServiceNotFound","message":"Cloud Run service projects/line-obsidian-notes-sync/locations/asia-northeast1/services/api for the function was not found. The function will not work correctly. Please redeploy."}],"environment":"GEN_2","url":"https://asia-northeast1-line-obsidian-notes-sync.cloudfunctions.net/api","satisfiesPzi":true},"stages":[{"name":"BUILD","state":"NOT_STARTED","stateMessages":[{"severity":"WARNING","type":"BuildAnalysisWarning","message":"Node.js 18 is no longer supported by the Node.js community as of 30 April, 2025. Node.js 18 will be deprecated on 2025-04-30. We recommend you to upgrade to the latest version of Node.js as soon as possible."}]},{"name":"SERVICE","state":"NOT_STARTED"}],"operationType":"UPDATE_FUNCTION"},"done":false}
[debug] [2025-05-04T09:47:33.306Z] [update-default-asia-northeast1-api] Retrying task index 0
[debug] [2025-05-04T09:47:33.306Z] Checked if tokens are valid: true, expires at: 1746354299205
[debug] [2025-05-04T09:47:33.306Z] Checked if tokens are valid: true, expires at: 1746354299205
[debug] [2025-05-04T09:47:33.306Z] >>> [apiv2][query] GET https://cloudfunctions.googleapis.com/v2/projects/line-obsidian-notes-sync/locations/asia-northeast1/operations/operation-1746352051623-6344c45b095e3-0db68beb-180bb3bd [none]
[debug] [2025-05-04T09:47:33.601Z] <<< [apiv2][status] GET https://cloudfunctions.googleapis.com/v2/projects/line-obsidian-notes-sync/locations/asia-northeast1/operations/operation-1746352051623-6344c45b095e3-0db68beb-180bb3bd 200
[debug] [2025-05-04T09:47:33.602Z] <<< [apiv2][body] GET https://cloudfunctions.googleapis.com/v2/projects/line-obsidian-notes-sync/locations/asia-northeast1/operations/operation-1746352051623-6344c45b095e3-0db68beb-180bb3bd {"name":"projects/line-obsidian-notes-sync/locations/asia-northeast1/operations/operation-1746352051623-6344c45b095e3-0db68beb-180bb3bd","metadata":{"@type":"type.googleapis.com/google.cloud.functions.v2.OperationMetadata","createTime":"2025-05-04T09:47:32.457559353Z","target":"projects/line-obsidian-notes-sync/locations/asia-northeast1/functions/api","verb":"update","cancelRequested":false,"apiVersion":"v2","requestResource":{"@type":"type.googleapis.com/google.cloud.functions.v2.Function","name":"projects/line-obsidian-notes-sync/locations/asia-northeast1/functions/api","buildConfig":{"runtime":"nodejs18","entryPoint":"api","source":{"storageSource":{"bucket":"gcf-v2-sources-90167880554-asia-northeast1","object":"api/function-source.zip","generation":"1746352052425673"}},"environmentVariables":{"GOOGLE_NODE_RUN_SCRIPTS":""},"dockerRepository":"projects/line-obsidian-notes-sync/locations/asia-northeast1/repositories/gcf-artifacts","sourceProvenance":{"resolvedStorageSource":{"bucket":"gcf-v2-sources-90167880554-asia-northeast1","object":"api/function-source.zip","generation":"1746351193773292"}},"dockerRegistry":"ARTIFACT_REGISTRY","serviceAccount":"projects/line-obsidian-notes-sync/serviceAccounts/90167880554-compute@developer.gserviceaccount.com","automaticUpdatePolicy":{}},"serviceConfig":{"service":"projects/line-obsidian-notes-sync/locations/asia-northeast1/services/api","timeoutSeconds":60,"environmentVariables":{"FIREBASE_CONFIG":"{\"projectId\":\"line-obsidian-notes-sync\",\"storageBucket\":\"line-obsidian-notes-sync.firebasestorage.app\"}","GCLOUD_PROJECT":"line-obsidian-notes-sync","EVENTARC_CLOUD_EVENT_SOURCE":"projects/line-obsidian-notes-sync/locations/asia-northeast1/services/api","FUNCTION_TARGET":"api","LOG_EXECUTION_ID":"true"},"ingressSettings":"ALLOW_ALL","serviceAccountEmail":"90167880554-compute@developer.gserviceaccount.com","availableMemory":"256Mi","maxInstanceRequestConcurrency":80,"availableCpu":"1"},"state":"FAILED","labels":{"firebase-functions-hash":"909e2f2de3cc5addc8c1adb107ea465e73f67be7"},"stateMessages":[{"severity":"ERROR","type":"CloudRunServiceNotFound","message":"Cloud Run service projects/line-obsidian-notes-sync/locations/asia-northeast1/services/api for the function was not found. The function will not work correctly. Please redeploy."}],"environment":"GEN_2","url":"https://asia-northeast1-line-obsidian-notes-sync.cloudfunctions.net/api","satisfiesPzi":true},"stages":[{"name":"BUILD","state":"NOT_STARTED","stateMessages":[{"severity":"WARNING","type":"BuildAnalysisWarning","message":"Node.js 18 is no longer supported by the Node.js community as of 30 April, 2025. Node.js 18 will be deprecated on 2025-04-30. We recommend you to upgrade to the latest version of Node.js as soon as possible."}]},{"name":"SERVICE","state":"NOT_STARTED"}],"operationType":"UPDATE_FUNCTION"},"done":false}
[debug] [2025-05-04T09:47:34.603Z] [update-default-asia-northeast1-api] Retrying task index 0
[debug] [2025-05-04T09:47:34.604Z] Checked if tokens are valid: true, expires at: 1746354299205
[debug] [2025-05-04T09:47:34.604Z] Checked if tokens are valid: true, expires at: 1746354299205
[debug] [2025-05-04T09:47:34.604Z] >>> [apiv2][query] GET https://cloudfunctions.googleapis.com/v2/projects/line-obsidian-notes-sync/locations/asia-northeast1/operations/operation-1746352051623-6344c45b095e3-0db68beb-180bb3bd [none]
[debug] [2025-05-04T09:47:34.898Z] <<< [apiv2][status] GET https://cloudfunctions.googleapis.com/v2/projects/line-obsidian-notes-sync/locations/asia-northeast1/operations/operation-1746352051623-6344c45b095e3-0db68beb-180bb3bd 200
[debug] [2025-05-04T09:47:34.898Z] <<< [apiv2][body] GET https://cloudfunctions.googleapis.com/v2/projects/line-obsidian-notes-sync/locations/asia-northeast1/operations/operation-1746352051623-6344c45b095e3-0db68beb-180bb3bd {"name":"projects/line-obsidian-notes-sync/locations/asia-northeast1/operations/operation-1746352051623-6344c45b095e3-0db68beb-180bb3bd","metadata":{"@type":"type.googleapis.com/google.cloud.functions.v2.OperationMetadata","createTime":"2025-05-04T09:47:32.457559353Z","target":"projects/line-obsidian-notes-sync/locations/asia-northeast1/functions/api","verb":"update","cancelRequested":false,"apiVersion":"v2","requestResource":{"@type":"type.googleapis.com/google.cloud.functions.v2.Function","name":"projects/line-obsidian-notes-sync/locations/asia-northeast1/functions/api","buildConfig":{"runtime":"nodejs18","entryPoint":"api","source":{"storageSource":{"bucket":"gcf-v2-sources-90167880554-asia-northeast1","object":"api/function-source.zip","generation":"1746352052425673"}},"environmentVariables":{"GOOGLE_NODE_RUN_SCRIPTS":""},"dockerRepository":"projects/line-obsidian-notes-sync/locations/asia-northeast1/repositories/gcf-artifacts","sourceProvenance":{"resolvedStorageSource":{"bucket":"gcf-v2-sources-90167880554-asia-northeast1","object":"api/function-source.zip","generation":"1746351193773292"}},"dockerRegistry":"ARTIFACT_REGISTRY","serviceAccount":"projects/line-obsidian-notes-sync/serviceAccounts/90167880554-compute@developer.gserviceaccount.com","automaticUpdatePolicy":{}},"serviceConfig":{"service":"projects/line-obsidian-notes-sync/locations/asia-northeast1/services/api","timeoutSeconds":60,"environmentVariables":{"FIREBASE_CONFIG":"{\"projectId\":\"line-obsidian-notes-sync\",\"storageBucket\":\"line-obsidian-notes-sync.firebasestorage.app\"}","GCLOUD_PROJECT":"line-obsidian-notes-sync","EVENTARC_CLOUD_EVENT_SOURCE":"projects/line-obsidian-notes-sync/locations/asia-northeast1/services/api","FUNCTION_TARGET":"api","LOG_EXECUTION_ID":"true"},"ingressSettings":"ALLOW_ALL","serviceAccountEmail":"90167880554-compute@developer.gserviceaccount.com","availableMemory":"256Mi","maxInstanceRequestConcurrency":80,"availableCpu":"1"},"state":"FAILED","labels":{"firebase-functions-hash":"909e2f2de3cc5addc8c1adb107ea465e73f67be7"},"stateMessages":[{"severity":"ERROR","type":"CloudRunServiceNotFound","message":"Cloud Run service projects/line-obsidian-notes-sync/locations/asia-northeast1/services/api for the function was not found. The function will not work correctly. Please redeploy."}],"environment":"GEN_2","url":"https://asia-northeast1-line-obsidian-notes-sync.cloudfunctions.net/api","satisfiesPzi":true},"stages":[{"name":"BUILD","message":"Build in progress","state":"IN_PROGRESS","resource":"projects/90167880554/locations/asia-northeast1/builds/e33dd492-d52f-4675-a7d1-d947294874e6","resourceUri":"https://console.cloud.google.com/cloud-build/builds;region=asia-northeast1/e33dd492-d52f-4675-a7d1-d947294874e6?project=90167880554"},{"name":"SERVICE","state":"NOT_STARTED"}],"operationType":"UPDATE_FUNCTION","buildName":"projects/90167880554/locations/asia-northeast1/builds/e33dd492-d52f-4675-a7d1-d947294874e6"},"done":false}
[debug] [2025-05-04T09:47:36.899Z] [update-default-asia-northeast1-api] Retrying task index 0
[debug] [2025-05-04T09:47:36.900Z] Checked if tokens are valid: true, expires at: 1746354299205
[debug] [2025-05-04T09:47:36.900Z] Checked if tokens are valid: true, expires at: 1746354299205
[debug] [2025-05-04T09:47:36.900Z] >>> [apiv2][query] GET https://cloudfunctions.googleapis.com/v2/projects/line-obsidian-notes-sync/locations/asia-northeast1/operations/operation-1746352051623-6344c45b095e3-0db68beb-180bb3bd [none]
[debug] [2025-05-04T09:47:37.240Z] <<< [apiv2][status] GET https://cloudfunctions.googleapis.com/v2/projects/line-obsidian-notes-sync/locations/asia-northeast1/operations/operation-1746352051623-6344c45b095e3-0db68beb-180bb3bd 200
[debug] [2025-05-04T09:47:37.240Z] <<< [apiv2][body] GET https://cloudfunctions.googleapis.com/v2/projects/line-obsidian-notes-sync/locations/asia-northeast1/operations/operation-1746352051623-6344c45b095e3-0db68beb-180bb3bd {"name":"projects/line-obsidian-notes-sync/locations/asia-northeast1/operations/operation-1746352051623-6344c45b095e3-0db68beb-180bb3bd","metadata":{"@type":"type.googleapis.com/google.cloud.functions.v2.OperationMetadata","createTime":"2025-05-04T09:47:32.457559353Z","target":"projects/line-obsidian-notes-sync/locations/asia-northeast1/functions/api","verb":"update","cancelRequested":false,"apiVersion":"v2","requestResource":{"@type":"type.googleapis.com/google.cloud.functions.v2.Function","name":"projects/line-obsidian-notes-sync/locations/asia-northeast1/functions/api","buildConfig":{"runtime":"nodejs18","entryPoint":"api","source":{"storageSource":{"bucket":"gcf-v2-sources-90167880554-asia-northeast1","object":"api/function-source.zip","generation":"1746352052425673"}},"environmentVariables":{"GOOGLE_NODE_RUN_SCRIPTS":""},"dockerRepository":"projects/line-obsidian-notes-sync/locations/asia-northeast1/repositories/gcf-artifacts","sourceProvenance":{"resolvedStorageSource":{"bucket":"gcf-v2-sources-90167880554-asia-northeast1","object":"api/function-source.zip","generation":"1746351193773292"}},"dockerRegistry":"ARTIFACT_REGISTRY","serviceAccount":"projects/line-obsidian-notes-sync/serviceAccounts/90167880554-compute@developer.gserviceaccount.com","automaticUpdatePolicy":{}},"serviceConfig":{"service":"projects/line-obsidian-notes-sync/locations/asia-northeast1/services/api","timeoutSeconds":60,"environmentVariables":{"FIREBASE_CONFIG":"{\"projectId\":\"line-obsidian-notes-sync\",\"storageBucket\":\"line-obsidian-notes-sync.firebasestorage.app\"}","GCLOUD_PROJECT":"line-obsidian-notes-sync","EVENTARC_CLOUD_EVENT_SOURCE":"projects/line-obsidian-notes-sync/locations/asia-northeast1/services/api","FUNCTION_TARGET":"api","LOG_EXECUTION_ID":"true"},"ingressSettings":"ALLOW_ALL","serviceAccountEmail":"90167880554-compute@developer.gserviceaccount.com","availableMemory":"256Mi","maxInstanceRequestConcurrency":80,"availableCpu":"1"},"state":"FAILED","labels":{"firebase-functions-hash":"909e2f2de3cc5addc8c1adb107ea465e73f67be7"},"stateMessages":[{"severity":"ERROR","type":"CloudRunServiceNotFound","message":"Cloud Run service projects/line-obsidian-notes-sync/locations/asia-northeast1/services/api for the function was not found. The function will not work correctly. Please redeploy."}],"environment":"GEN_2","url":"https://asia-northeast1-line-obsidian-notes-sync.cloudfunctions.net/api","satisfiesPzi":true},"stages":[{"name":"BUILD","message":"Build in progress","state":"IN_PROGRESS","resource":"projects/90167880554/locations/asia-northeast1/builds/e33dd492-d52f-4675-a7d1-d947294874e6","resourceUri":"https://console.cloud.google.com/cloud-build/builds;region=asia-northeast1/e33dd492-d52f-4675-a7d1-d947294874e6?project=90167880554"},{"name":"SERVICE","state":"NOT_STARTED"}],"operationType":"UPDATE_FUNCTION","buildName":"projects/90167880554/locations/asia-northeast1/builds/e33dd492-d52f-4675-a7d1-d947294874e6"},"done":false}
[debug] [2025-05-04T09:47:41.242Z] [update-default-asia-northeast1-api] Retrying task index 0
[debug] [2025-05-04T09:47:41.242Z] Checked if tokens are valid: true, expires at: 1746354299205
[debug] [2025-05-04T09:47:41.243Z] Checked if tokens are valid: true, expires at: 1746354299205
[debug] [2025-05-04T09:47:41.243Z] >>> [apiv2][query] GET https://cloudfunctions.googleapis.com/v2/projects/line-obsidian-notes-sync/locations/asia-northeast1/operations/operation-1746352051623-6344c45b095e3-0db68beb-180bb3bd [none]
[debug] [2025-05-04T09:47:41.536Z] <<< [apiv2][status] GET https://cloudfunctions.googleapis.com/v2/projects/line-obsidian-notes-sync/locations/asia-northeast1/operations/operation-1746352051623-6344c45b095e3-0db68beb-180bb3bd 200
[debug] [2025-05-04T09:47:41.536Z] <<< [apiv2][body] GET https://cloudfunctions.googleapis.com/v2/projects/line-obsidian-notes-sync/locations/asia-northeast1/operations/operation-1746352051623-6344c45b095e3-0db68beb-180bb3bd {"name":"projects/line-obsidian-notes-sync/locations/asia-northeast1/operations/operation-1746352051623-6344c45b095e3-0db68beb-180bb3bd","metadata":{"@type":"type.googleapis.com/google.cloud.functions.v2.OperationMetadata","createTime":"2025-05-04T09:47:32.457559353Z","target":"projects/line-obsidian-notes-sync/locations/asia-northeast1/functions/api","verb":"update","cancelRequested":false,"apiVersion":"v2","requestResource":{"@type":"type.googleapis.com/google.cloud.functions.v2.Function","name":"projects/line-obsidian-notes-sync/locations/asia-northeast1/functions/api","buildConfig":{"runtime":"nodejs18","entryPoint":"api","source":{"storageSource":{"bucket":"gcf-v2-sources-90167880554-asia-northeast1","object":"api/function-source.zip","generation":"1746352052425673"}},"environmentVariables":{"GOOGLE_NODE_RUN_SCRIPTS":""},"dockerRepository":"projects/line-obsidian-notes-sync/locations/asia-northeast1/repositories/gcf-artifacts","sourceProvenance":{"resolvedStorageSource":{"bucket":"gcf-v2-sources-90167880554-asia-northeast1","object":"api/function-source.zip","generation":"1746351193773292"}},"dockerRegistry":"ARTIFACT_REGISTRY","serviceAccount":"projects/line-obsidian-notes-sync/serviceAccounts/90167880554-compute@developer.gserviceaccount.com","automaticUpdatePolicy":{}},"serviceConfig":{"service":"projects/line-obsidian-notes-sync/locations/asia-northeast1/services/api","timeoutSeconds":60,"environmentVariables":{"FIREBASE_CONFIG":"{\"projectId\":\"line-obsidian-notes-sync\",\"storageBucket\":\"line-obsidian-notes-sync.firebasestorage.app\"}","GCLOUD_PROJECT":"line-obsidian-notes-sync","EVENTARC_CLOUD_EVENT_SOURCE":"projects/line-obsidian-notes-sync/locations/asia-northeast1/services/api","FUNCTION_TARGET":"api","LOG_EXECUTION_ID":"true"},"ingressSettings":"ALLOW_ALL","serviceAccountEmail":"90167880554-compute@developer.gserviceaccount.com","availableMemory":"256Mi","maxInstanceRequestConcurrency":80,"availableCpu":"1"},"state":"FAILED","labels":{"firebase-functions-hash":"909e2f2de3cc5addc8c1adb107ea465e73f67be7"},"stateMessages":[{"severity":"ERROR","type":"CloudRunServiceNotFound","message":"Cloud Run service projects/line-obsidian-notes-sync/locations/asia-northeast1/services/api for the function was not found. The function will not work correctly. Please redeploy."}],"environment":"GEN_2","url":"https://asia-northeast1-line-obsidian-notes-sync.cloudfunctions.net/api","satisfiesPzi":true},"stages":[{"name":"BUILD","message":"Build in progress","state":"IN_PROGRESS","resource":"projects/90167880554/locations/asia-northeast1/builds/e33dd492-d52f-4675-a7d1-d947294874e6","resourceUri":"https://console.cloud.google.com/cloud-build/builds;region=asia-northeast1/e33dd492-d52f-4675-a7d1-d947294874e6?project=90167880554"},{"name":"SERVICE","state":"NOT_STARTED"}],"operationType":"UPDATE_FUNCTION","buildName":"projects/90167880554/locations/asia-northeast1/builds/e33dd492-d52f-4675-a7d1-d947294874e6"},"done":false}
[debug] [2025-05-04T09:47:49.537Z] [update-default-asia-northeast1-api] Retrying task index 0
[debug] [2025-05-04T09:47:49.538Z] Checked if tokens are valid: true, expires at: 1746354299205
[debug] [2025-05-04T09:47:49.538Z] Checked if tokens are valid: true, expires at: 1746354299205
[debug] [2025-05-04T09:47:49.538Z] >>> [apiv2][query] GET https://cloudfunctions.googleapis.com/v2/projects/line-obsidian-notes-sync/locations/asia-northeast1/operations/operation-1746352051623-6344c45b095e3-0db68beb-180bb3bd [none]
[debug] [2025-05-04T09:47:49.891Z] <<< [apiv2][status] GET https://cloudfunctions.googleapis.com/v2/projects/line-obsidian-notes-sync/locations/asia-northeast1/operations/operation-1746352051623-6344c45b095e3-0db68beb-180bb3bd 200
[debug] [2025-05-04T09:47:49.892Z] <<< [apiv2][body] GET https://cloudfunctions.googleapis.com/v2/projects/line-obsidian-notes-sync/locations/asia-northeast1/operations/operation-1746352051623-6344c45b095e3-0db68beb-180bb3bd {"name":"projects/line-obsidian-notes-sync/locations/asia-northeast1/operations/operation-1746352051623-6344c45b095e3-0db68beb-180bb3bd","metadata":{"@type":"type.googleapis.com/google.cloud.functions.v2.OperationMetadata","createTime":"2025-05-04T09:47:32.457559353Z","target":"projects/line-obsidian-notes-sync/locations/asia-northeast1/functions/api","verb":"update","cancelRequested":false,"apiVersion":"v2","requestResource":{"@type":"type.googleapis.com/google.cloud.functions.v2.Function","name":"projects/line-obsidian-notes-sync/locations/asia-northeast1/functions/api","buildConfig":{"runtime":"nodejs18","entryPoint":"api","source":{"storageSource":{"bucket":"gcf-v2-sources-90167880554-asia-northeast1","object":"api/function-source.zip","generation":"1746352052425673"}},"environmentVariables":{"GOOGLE_NODE_RUN_SCRIPTS":""},"dockerRepository":"projects/line-obsidian-notes-sync/locations/asia-northeast1/repositories/gcf-artifacts","sourceProvenance":{"resolvedStorageSource":{"bucket":"gcf-v2-sources-90167880554-asia-northeast1","object":"api/function-source.zip","generation":"1746351193773292"}},"dockerRegistry":"ARTIFACT_REGISTRY","serviceAccount":"projects/line-obsidian-notes-sync/serviceAccounts/90167880554-compute@developer.gserviceaccount.com","automaticUpdatePolicy":{}},"serviceConfig":{"service":"projects/line-obsidian-notes-sync/locations/asia-northeast1/services/api","timeoutSeconds":60,"environmentVariables":{"FIREBASE_CONFIG":"{\"projectId\":\"line-obsidian-notes-sync\",\"storageBucket\":\"line-obsidian-notes-sync.firebasestorage.app\"}","GCLOUD_PROJECT":"line-obsidian-notes-sync","EVENTARC_CLOUD_EVENT_SOURCE":"projects/line-obsidian-notes-sync/locations/asia-northeast1/services/api","FUNCTION_TARGET":"api","LOG_EXECUTION_ID":"true"},"ingressSettings":"ALLOW_ALL","serviceAccountEmail":"90167880554-compute@developer.gserviceaccount.com","availableMemory":"256Mi","maxInstanceRequestConcurrency":80,"availableCpu":"1"},"state":"FAILED","labels":{"firebase-functions-hash":"909e2f2de3cc5addc8c1adb107ea465e73f67be7"},"stateMessages":[{"severity":"ERROR","type":"CloudRunServiceNotFound","message":"Cloud Run service projects/line-obsidian-notes-sync/locations/asia-northeast1/services/api for the function was not found. The function will not work correctly. Please redeploy."}],"environment":"GEN_2","url":"https://asia-northeast1-line-obsidian-notes-sync.cloudfunctions.net/api","satisfiesPzi":true},"stages":[{"name":"BUILD","message":"Build in progress","state":"IN_PROGRESS","resource":"projects/90167880554/locations/asia-northeast1/builds/e33dd492-d52f-4675-a7d1-d947294874e6","resourceUri":"https://console.cloud.google.com/cloud-build/builds;region=asia-northeast1/e33dd492-d52f-4675-a7d1-d947294874e6?project=90167880554"},{"name":"SERVICE","state":"NOT_STARTED"}],"operationType":"UPDATE_FUNCTION","buildName":"projects/90167880554/locations/asia-northeast1/builds/e33dd492-d52f-4675-a7d1-d947294874e6"},"done":false}
[debug] [2025-05-04T09:47:59.894Z] [update-default-asia-northeast1-api] Retrying task index 0
[debug] [2025-05-04T09:47:59.896Z] Checked if tokens are valid: true, expires at: 1746354299205
[debug] [2025-05-04T09:47:59.896Z] Checked if tokens are valid: true, expires at: 1746354299205
[debug] [2025-05-04T09:47:59.896Z] >>> [apiv2][query] GET https://cloudfunctions.googleapis.com/v2/projects/line-obsidian-notes-sync/locations/asia-northeast1/operations/operation-1746352051623-6344c45b095e3-0db68beb-180bb3bd [none]
[debug] [2025-05-04T09:48:00.252Z] <<< [apiv2][status] GET https://cloudfunctions.googleapis.com/v2/projects/line-obsidian-notes-sync/locations/asia-northeast1/operations/operation-1746352051623-6344c45b095e3-0db68beb-180bb3bd 200
[debug] [2025-05-04T09:48:00.252Z] <<< [apiv2][body] GET https://cloudfunctions.googleapis.com/v2/projects/line-obsidian-notes-sync/locations/asia-northeast1/operations/operation-1746352051623-6344c45b095e3-0db68beb-180bb3bd {"name":"projects/line-obsidian-notes-sync/locations/asia-northeast1/operations/operation-1746352051623-6344c45b095e3-0db68beb-180bb3bd","metadata":{"@type":"type.googleapis.com/google.cloud.functions.v2.OperationMetadata","createTime":"2025-05-04T09:47:32.457559353Z","target":"projects/line-obsidian-notes-sync/locations/asia-northeast1/functions/api","verb":"update","cancelRequested":false,"apiVersion":"v2","requestResource":{"@type":"type.googleapis.com/google.cloud.functions.v2.Function","name":"projects/line-obsidian-notes-sync/locations/asia-northeast1/functions/api","buildConfig":{"runtime":"nodejs18","entryPoint":"api","source":{"storageSource":{"bucket":"gcf-v2-sources-90167880554-asia-northeast1","object":"api/function-source.zip","generation":"1746352052425673"}},"environmentVariables":{"GOOGLE_NODE_RUN_SCRIPTS":""},"dockerRepository":"projects/line-obsidian-notes-sync/locations/asia-northeast1/repositories/gcf-artifacts","sourceProvenance":{"resolvedStorageSource":{"bucket":"gcf-v2-sources-90167880554-asia-northeast1","object":"api/function-source.zip","generation":"1746351193773292"}},"dockerRegistry":"ARTIFACT_REGISTRY","serviceAccount":"projects/line-obsidian-notes-sync/serviceAccounts/90167880554-compute@developer.gserviceaccount.com","automaticUpdatePolicy":{}},"serviceConfig":{"service":"projects/line-obsidian-notes-sync/locations/asia-northeast1/services/api","timeoutSeconds":60,"environmentVariables":{"FIREBASE_CONFIG":"{\"projectId\":\"line-obsidian-notes-sync\",\"storageBucket\":\"line-obsidian-notes-sync.firebasestorage.app\"}","GCLOUD_PROJECT":"line-obsidian-notes-sync","EVENTARC_CLOUD_EVENT_SOURCE":"projects/line-obsidian-notes-sync/locations/asia-northeast1/services/api","FUNCTION_TARGET":"api","LOG_EXECUTION_ID":"true"},"ingressSettings":"ALLOW_ALL","serviceAccountEmail":"90167880554-compute@developer.gserviceaccount.com","availableMemory":"256Mi","maxInstanceRequestConcurrency":80,"availableCpu":"1"},"state":"FAILED","labels":{"firebase-functions-hash":"909e2f2de3cc5addc8c1adb107ea465e73f67be7"},"stateMessages":[{"severity":"ERROR","type":"CloudRunServiceNotFound","message":"Cloud Run service projects/line-obsidian-notes-sync/locations/asia-northeast1/services/api for the function was not found. The function will not work correctly. Please redeploy."}],"environment":"GEN_2","url":"https://asia-northeast1-line-obsidian-notes-sync.cloudfunctions.net/api","satisfiesPzi":true},"stages":[{"name":"BUILD","message":"Build in progress","state":"IN_PROGRESS","resource":"projects/90167880554/locations/asia-northeast1/builds/e33dd492-d52f-4675-a7d1-d947294874e6","resourceUri":"https://console.cloud.google.com/cloud-build/builds;region=asia-northeast1/e33dd492-d52f-4675-a7d1-d947294874e6?project=90167880554"},{"name":"SERVICE","state":"NOT_STARTED"}],"operationType":"UPDATE_FUNCTION","buildName":"projects/90167880554/locations/asia-northeast1/builds/e33dd492-d52f-4675-a7d1-d947294874e6"},"done":false}
[debug] [2025-05-04T09:48:10.253Z] [update-default-asia-northeast1-api] Retrying task index 0
[debug] [2025-05-04T09:48:10.254Z] Checked if tokens are valid: true, expires at: 1746354299205
[debug] [2025-05-04T09:48:10.254Z] Checked if tokens are valid: true, expires at: 1746354299205
[debug] [2025-05-04T09:48:10.254Z] >>> [apiv2][query] GET https://cloudfunctions.googleapis.com/v2/projects/line-obsidian-notes-sync/locations/asia-northeast1/operations/operation-1746352051623-6344c45b095e3-0db68beb-180bb3bd [none]
[debug] [2025-05-04T09:48:10.612Z] <<< [apiv2][status] GET https://cloudfunctions.googleapis.com/v2/projects/line-obsidian-notes-sync/locations/asia-northeast1/operations/operation-1746352051623-6344c45b095e3-0db68beb-180bb3bd 200
[debug] [2025-05-04T09:48:10.612Z] <<< [apiv2][body] GET https://cloudfunctions.googleapis.com/v2/projects/line-obsidian-notes-sync/locations/asia-northeast1/operations/operation-1746352051623-6344c45b095e3-0db68beb-180bb3bd {"name":"projects/line-obsidian-notes-sync/locations/asia-northeast1/operations/operation-1746352051623-6344c45b095e3-0db68beb-180bb3bd","metadata":{"@type":"type.googleapis.com/google.cloud.functions.v2.OperationMetadata","createTime":"2025-05-04T09:47:32.457559353Z","target":"projects/line-obsidian-notes-sync/locations/asia-northeast1/functions/api","verb":"update","cancelRequested":false,"apiVersion":"v2","requestResource":{"@type":"type.googleapis.com/google.cloud.functions.v2.Function","name":"projects/line-obsidian-notes-sync/locations/asia-northeast1/functions/api","buildConfig":{"runtime":"nodejs18","entryPoint":"api","source":{"storageSource":{"bucket":"gcf-v2-sources-90167880554-asia-northeast1","object":"api/function-source.zip","generation":"1746352052425673"}},"environmentVariables":{"GOOGLE_NODE_RUN_SCRIPTS":""},"dockerRepository":"projects/line-obsidian-notes-sync/locations/asia-northeast1/repositories/gcf-artifacts","sourceProvenance":{"resolvedStorageSource":{"bucket":"gcf-v2-sources-90167880554-asia-northeast1","object":"api/function-source.zip","generation":"1746351193773292"}},"dockerRegistry":"ARTIFACT_REGISTRY","serviceAccount":"projects/line-obsidian-notes-sync/serviceAccounts/90167880554-compute@developer.gserviceaccount.com","automaticUpdatePolicy":{}},"serviceConfig":{"service":"projects/line-obsidian-notes-sync/locations/asia-northeast1/services/api","timeoutSeconds":60,"environmentVariables":{"FIREBASE_CONFIG":"{\"projectId\":\"line-obsidian-notes-sync\",\"storageBucket\":\"line-obsidian-notes-sync.firebasestorage.app\"}","GCLOUD_PROJECT":"line-obsidian-notes-sync","EVENTARC_CLOUD_EVENT_SOURCE":"projects/line-obsidian-notes-sync/locations/asia-northeast1/services/api","FUNCTION_TARGET":"api","LOG_EXECUTION_ID":"true"},"ingressSettings":"ALLOW_ALL","serviceAccountEmail":"90167880554-compute@developer.gserviceaccount.com","availableMemory":"256Mi","maxInstanceRequestConcurrency":80,"availableCpu":"1"},"state":"FAILED","labels":{"firebase-functions-hash":"909e2f2de3cc5addc8c1adb107ea465e73f67be7"},"stateMessages":[{"severity":"ERROR","type":"CloudRunServiceNotFound","message":"Cloud Run service projects/line-obsidian-notes-sync/locations/asia-northeast1/services/api for the function was not found. The function will not work correctly. Please redeploy."}],"environment":"GEN_2","url":"https://asia-northeast1-line-obsidian-notes-sync.cloudfunctions.net/api","satisfiesPzi":true},"stages":[{"name":"BUILD","message":"Build in progress","state":"IN_PROGRESS","resource":"projects/90167880554/locations/asia-northeast1/builds/e33dd492-d52f-4675-a7d1-d947294874e6","resourceUri":"https://console.cloud.google.com/cloud-build/builds;region=asia-northeast1/e33dd492-d52f-4675-a7d1-d947294874e6?project=90167880554"},{"name":"SERVICE","state":"NOT_STARTED"}],"operationType":"UPDATE_FUNCTION","buildName":"projects/90167880554/locations/asia-northeast1/builds/e33dd492-d52f-4675-a7d1-d947294874e6"},"done":false}
[debug] [2025-05-04T09:48:20.614Z] [update-default-asia-northeast1-api] Retrying task index 0
[debug] [2025-05-04T09:48:20.615Z] Checked if tokens are valid: true, expires at: 1746354299205
[debug] [2025-05-04T09:48:20.615Z] Checked if tokens are valid: true, expires at: 1746354299205
[debug] [2025-05-04T09:48:20.615Z] >>> [apiv2][query] GET https://cloudfunctions.googleapis.com/v2/projects/line-obsidian-notes-sync/locations/asia-northeast1/operations/operation-1746352051623-6344c45b095e3-0db68beb-180bb3bd [none]
[debug] [2025-05-04T09:48:21.061Z] <<< [apiv2][status] GET https://cloudfunctions.googleapis.com/v2/projects/line-obsidian-notes-sync/locations/asia-northeast1/operations/operation-1746352051623-6344c45b095e3-0db68beb-180bb3bd 200
[debug] [2025-05-04T09:48:21.061Z] <<< [apiv2][body] GET https://cloudfunctions.googleapis.com/v2/projects/line-obsidian-notes-sync/locations/asia-northeast1/operations/operation-1746352051623-6344c45b095e3-0db68beb-180bb3bd {"name":"projects/line-obsidian-notes-sync/locations/asia-northeast1/operations/operation-1746352051623-6344c45b095e3-0db68beb-180bb3bd","metadata":{"@type":"type.googleapis.com/google.cloud.functions.v2.OperationMetadata","createTime":"2025-05-04T09:47:32.457559353Z","target":"projects/line-obsidian-notes-sync/locations/asia-northeast1/functions/api","verb":"update","cancelRequested":false,"apiVersion":"v2","requestResource":{"@type":"type.googleapis.com/google.cloud.functions.v2.Function","name":"projects/line-obsidian-notes-sync/locations/asia-northeast1/functions/api","buildConfig":{"runtime":"nodejs18","entryPoint":"api","source":{"storageSource":{"bucket":"gcf-v2-sources-90167880554-asia-northeast1","object":"api/function-source.zip","generation":"1746352052425673"}},"environmentVariables":{"GOOGLE_NODE_RUN_SCRIPTS":""},"dockerRepository":"projects/line-obsidian-notes-sync/locations/asia-northeast1/repositories/gcf-artifacts","sourceProvenance":{"resolvedStorageSource":{"bucket":"gcf-v2-sources-90167880554-asia-northeast1","object":"api/function-source.zip","generation":"1746351193773292"}},"dockerRegistry":"ARTIFACT_REGISTRY","serviceAccount":"projects/line-obsidian-notes-sync/serviceAccounts/90167880554-compute@developer.gserviceaccount.com","automaticUpdatePolicy":{}},"serviceConfig":{"service":"projects/line-obsidian-notes-sync/locations/asia-northeast1/services/api","timeoutSeconds":60,"environmentVariables":{"FIREBASE_CONFIG":"{\"projectId\":\"line-obsidian-notes-sync\",\"storageBucket\":\"line-obsidian-notes-sync.firebasestorage.app\"}","GCLOUD_PROJECT":"line-obsidian-notes-sync","EVENTARC_CLOUD_EVENT_SOURCE":"projects/line-obsidian-notes-sync/locations/asia-northeast1/services/api","FUNCTION_TARGET":"api","LOG_EXECUTION_ID":"true"},"ingressSettings":"ALLOW_ALL","serviceAccountEmail":"90167880554-compute@developer.gserviceaccount.com","availableMemory":"256Mi","maxInstanceRequestConcurrency":80,"availableCpu":"1"},"state":"FAILED","labels":{"firebase-functions-hash":"909e2f2de3cc5addc8c1adb107ea465e73f67be7"},"stateMessages":[{"severity":"ERROR","type":"CloudRunServiceNotFound","message":"Cloud Run service projects/line-obsidian-notes-sync/locations/asia-northeast1/services/api for the function was not found. The function will not work correctly. Please redeploy."}],"environment":"GEN_2","url":"https://asia-northeast1-line-obsidian-notes-sync.cloudfunctions.net/api","satisfiesPzi":true},"stages":[{"name":"BUILD","message":"Build in progress","state":"IN_PROGRESS","resource":"projects/90167880554/locations/asia-northeast1/builds/e33dd492-d52f-4675-a7d1-d947294874e6","resourceUri":"https://console.cloud.google.com/cloud-build/builds;region=asia-northeast1/e33dd492-d52f-4675-a7d1-d947294874e6?project=90167880554"},{"name":"SERVICE","state":"NOT_STARTED"}],"operationType":"UPDATE_FUNCTION","buildName":"projects/90167880554/locations/asia-northeast1/builds/e33dd492-d52f-4675-a7d1-d947294874e6"},"done":false}
[debug] [2025-05-04T09:48:31.062Z] [update-default-asia-northeast1-api] Retrying task index 0
[debug] [2025-05-04T09:48:31.063Z] Checked if tokens are valid: true, expires at: 1746354299205
[debug] [2025-05-04T09:48:31.063Z] Checked if tokens are valid: true, expires at: 1746354299205
[debug] [2025-05-04T09:48:31.064Z] >>> [apiv2][query] GET https://cloudfunctions.googleapis.com/v2/projects/line-obsidian-notes-sync/locations/asia-northeast1/operations/operation-1746352051623-6344c45b095e3-0db68beb-180bb3bd [none]
[debug] [2025-05-04T09:48:31.490Z] <<< [apiv2][status] GET https://cloudfunctions.googleapis.com/v2/projects/line-obsidian-notes-sync/locations/asia-northeast1/operations/operation-1746352051623-6344c45b095e3-0db68beb-180bb3bd 200
[debug] [2025-05-04T09:48:31.490Z] <<< [apiv2][body] GET https://cloudfunctions.googleapis.com/v2/projects/line-obsidian-notes-sync/locations/asia-northeast1/operations/operation-1746352051623-6344c45b095e3-0db68beb-180bb3bd {"name":"projects/line-obsidian-notes-sync/locations/asia-northeast1/operations/operation-1746352051623-6344c45b095e3-0db68beb-180bb3bd","metadata":{"@type":"type.googleapis.com/google.cloud.functions.v2.OperationMetadata","createTime":"2025-05-04T09:47:32.457559353Z","target":"projects/line-obsidian-notes-sync/locations/asia-northeast1/functions/api","verb":"update","cancelRequested":false,"apiVersion":"v2","requestResource":{"@type":"type.googleapis.com/google.cloud.functions.v2.Function","name":"projects/line-obsidian-notes-sync/locations/asia-northeast1/functions/api","buildConfig":{"runtime":"nodejs18","entryPoint":"api","source":{"storageSource":{"bucket":"gcf-v2-sources-90167880554-asia-northeast1","object":"api/function-source.zip","generation":"1746352052425673"}},"environmentVariables":{"GOOGLE_NODE_RUN_SCRIPTS":""},"dockerRepository":"projects/line-obsidian-notes-sync/locations/asia-northeast1/repositories/gcf-artifacts","sourceProvenance":{"resolvedStorageSource":{"bucket":"gcf-v2-sources-90167880554-asia-northeast1","object":"api/function-source.zip","generation":"1746351193773292"}},"dockerRegistry":"ARTIFACT_REGISTRY","serviceAccount":"projects/line-obsidian-notes-sync/serviceAccounts/90167880554-compute@developer.gserviceaccount.com","automaticUpdatePolicy":{}},"serviceConfig":{"service":"projects/line-obsidian-notes-sync/locations/asia-northeast1/services/api","timeoutSeconds":60,"environmentVariables":{"FIREBASE_CONFIG":"{\"projectId\":\"line-obsidian-notes-sync\",\"storageBucket\":\"line-obsidian-notes-sync.firebasestorage.app\"}","GCLOUD_PROJECT":"line-obsidian-notes-sync","EVENTARC_CLOUD_EVENT_SOURCE":"projects/line-obsidian-notes-sync/locations/asia-northeast1/services/api","FUNCTION_TARGET":"api","LOG_EXECUTION_ID":"true"},"ingressSettings":"ALLOW_ALL","serviceAccountEmail":"90167880554-compute@developer.gserviceaccount.com","availableMemory":"256Mi","maxInstanceRequestConcurrency":80,"availableCpu":"1"},"state":"FAILED","labels":{"firebase-functions-hash":"909e2f2de3cc5addc8c1adb107ea465e73f67be7"},"stateMessages":[{"severity":"ERROR","type":"CloudRunServiceNotFound","message":"Cloud Run service projects/line-obsidian-notes-sync/locations/asia-northeast1/services/api for the function was not found. The function will not work correctly. Please redeploy."}],"environment":"GEN_2","url":"https://asia-northeast1-line-obsidian-notes-sync.cloudfunctions.net/api","satisfiesPzi":true},"stages":[{"name":"BUILD","message":"Build finished","state":"COMPLETE","resource":"projects/90167880554/locations/asia-northeast1/builds/e33dd492-d52f-4675-a7d1-d947294874e6","resourceUri":"https://console.cloud.google.com/cloud-build/builds;region=asia-northeast1/e33dd492-d52f-4675-a7d1-d947294874e6?project=90167880554"},{"name":"SERVICE","message":"Updating Cloud Run service","state":"IN_PROGRESS","resource":"projects/line-obsidian-notes-sync/locations/asia-northeast1/services/api","resourceUri":"https://console.cloud.google.com/run/detail/asia-northeast1/api?project=line-obsidian-notes-sync","stateMessages":[{"severity":"WARNING","type":"CloudRunServiceRecreated","message":"Cloud Run service projects/line-obsidian-notes-sync/locations/asia-northeast1/services/api for the function was not found. The service was redeployed with default values."}]}],"sourceToken":"Clpwcm9qZWN0cy85MDE2Nzg4MDU1NC9sb2NhdGlvbnMvYXNpYS1ub3J0aGVhc3QxL2J1aWxkcy9lMzNkZDQ5Mi1kNTJmLTQ2NzUtYTdkMS1kOTQ3Mjk0ODc0ZTYSggFhc2lhLW5vcnRoZWFzdDEtZG9ja2VyLnBrZy5kZXYvbGluZS1vYnNpZGlhbi1ub3Rlcy1zeW5jL2djZi1hcnRpZmFjdHMvbGluZS0tb2JzaWRpYW4tLW5vdGVzLS1zeW5jX19hc2lhLS1ub3J0aGVhc3QxX19hcGk6dmVyc2lvbl8xGOrWsvPPAiJJcHJvamVjdHMvbGluZS1vYnNpZGlhbi1ub3Rlcy1zeW5jL2xvY2F0aW9ucy9hc2lhLW5vcnRoZWFzdDEvZnVuY3Rpb25zL2FwaSoMCOzv3MAGEJCjgokDMghub2RlanMxODp6CiNnY3IuaW8vZ2FlLXJ1bnRpbWVzL25vZGVqczE4OnN0YWJsZRJTYXNpYS1ub3J0aGVhc3QxLWRvY2tlci5wa2cuZGV2L3NlcnZlcmxlc3MtcnVudGltZXMvZ29vZ2xlLTIyLWZ1bGwvcnVudGltZXMvbm9kZWpzMThAAQ==","operationType":"UPDATE_FUNCTION","buildName":"projects/90167880554/locations/asia-northeast1/builds/e33dd492-d52f-4675-a7d1-d947294874e6"},"done":false}
[debug] [2025-05-04T09:48:31.491Z] Got source token Clpwcm9qZWN0cy85MDE2Nzg4MDU1NC9sb2NhdGlvbnMvYXNpYS1ub3J0aGVhc3QxL2J1aWxkcy9lMzNkZDQ5Mi1kNTJmLTQ2NzUtYTdkMS1kOTQ3Mjk0ODc0ZTYSggFhc2lhLW5vcnRoZWFzdDEtZG9ja2VyLnBrZy5kZXYvbGluZS1vYnNpZGlhbi1ub3Rlcy1zeW5jL2djZi1hcnRpZmFjdHMvbGluZS0tb2JzaWRpYW4tLW5vdGVzLS1zeW5jX19hc2lhLS1ub3J0aGVhc3QxX19hcGk6dmVyc2lvbl8xGOrWsvPPAiJJcHJvamVjdHMvbGluZS1vYnNpZGlhbi1ub3Rlcy1zeW5jL2xvY2F0aW9ucy9hc2lhLW5vcnRoZWFzdDEvZnVuY3Rpb25zL2FwaSoMCOzv3MAGEJCjgokDMghub2RlanMxODp6CiNnY3IuaW8vZ2FlLXJ1bnRpbWVzL25vZGVqczE4OnN0YWJsZRJTYXNpYS1ub3J0aGVhc3QxLWRvY2tlci5wa2cuZGV2L3NlcnZlcmxlc3MtcnVudGltZXMvZ29vZ2xlLTIyLWZ1bGwvcnVudGltZXMvbm9kZWpzMThAAQ== for region asia-northeast1
[debug] [2025-05-04T09:48:41.498Z] [update-default-asia-northeast1-api] Retrying task index 0
[debug] [2025-05-04T09:48:41.499Z] Checked if tokens are valid: true, expires at: 1746354299205
[debug] [2025-05-04T09:48:41.499Z] Checked if tokens are valid: true, expires at: 1746354299205
[debug] [2025-05-04T09:48:41.500Z] >>> [apiv2][query] GET https://cloudfunctions.googleapis.com/v2/projects/line-obsidian-notes-sync/locations/asia-northeast1/operations/operation-1746352051623-6344c45b095e3-0db68beb-180bb3bd [none]
[debug] [2025-05-04T09:48:41.954Z] <<< [apiv2][status] GET https://cloudfunctions.googleapis.com/v2/projects/line-obsidian-notes-sync/locations/asia-northeast1/operations/operation-1746352051623-6344c45b095e3-0db68beb-180bb3bd 200
[debug] [2025-05-04T09:48:41.954Z] <<< [apiv2][body] GET https://cloudfunctions.googleapis.com/v2/projects/line-obsidian-notes-sync/locations/asia-northeast1/operations/operation-1746352051623-6344c45b095e3-0db68beb-180bb3bd {"name":"projects/line-obsidian-notes-sync/locations/asia-northeast1/operations/operation-1746352051623-6344c45b095e3-0db68beb-180bb3bd","metadata":{"@type":"type.googleapis.com/google.cloud.functions.v2.OperationMetadata","createTime":"2025-05-04T09:47:32.457559353Z","target":"projects/line-obsidian-notes-sync/locations/asia-northeast1/functions/api","verb":"update","cancelRequested":false,"apiVersion":"v2","requestResource":{"@type":"type.googleapis.com/google.cloud.functions.v2.Function","name":"projects/line-obsidian-notes-sync/locations/asia-northeast1/functions/api","buildConfig":{"runtime":"nodejs18","entryPoint":"api","source":{"storageSource":{"bucket":"gcf-v2-sources-90167880554-asia-northeast1","object":"api/function-source.zip","generation":"1746352052425673"}},"environmentVariables":{"GOOGLE_NODE_RUN_SCRIPTS":""},"dockerRepository":"projects/line-obsidian-notes-sync/locations/asia-northeast1/repositories/gcf-artifacts","sourceProvenance":{"resolvedStorageSource":{"bucket":"gcf-v2-sources-90167880554-asia-northeast1","object":"api/function-source.zip","generation":"1746351193773292"}},"dockerRegistry":"ARTIFACT_REGISTRY","serviceAccount":"projects/line-obsidian-notes-sync/serviceAccounts/90167880554-compute@developer.gserviceaccount.com","automaticUpdatePolicy":{}},"serviceConfig":{"service":"projects/line-obsidian-notes-sync/locations/asia-northeast1/services/api","timeoutSeconds":60,"environmentVariables":{"FIREBASE_CONFIG":"{\"projectId\":\"line-obsidian-notes-sync\",\"storageBucket\":\"line-obsidian-notes-sync.firebasestorage.app\"}","GCLOUD_PROJECT":"line-obsidian-notes-sync","EVENTARC_CLOUD_EVENT_SOURCE":"projects/line-obsidian-notes-sync/locations/asia-northeast1/services/api","FUNCTION_TARGET":"api","LOG_EXECUTION_ID":"true"},"ingressSettings":"ALLOW_ALL","serviceAccountEmail":"90167880554-compute@developer.gserviceaccount.com","availableMemory":"256Mi","maxInstanceRequestConcurrency":80,"availableCpu":"1"},"state":"FAILED","labels":{"firebase-functions-hash":"909e2f2de3cc5addc8c1adb107ea465e73f67be7"},"stateMessages":[{"severity":"ERROR","type":"CloudRunServiceNotFound","message":"Cloud Run service projects/line-obsidian-notes-sync/locations/asia-northeast1/services/api for the function was not found. The function will not work correctly. Please redeploy."}],"environment":"GEN_2","url":"https://asia-northeast1-line-obsidian-notes-sync.cloudfunctions.net/api","satisfiesPzi":true},"stages":[{"name":"BUILD","message":"Build finished","state":"COMPLETE","resource":"projects/90167880554/locations/asia-northeast1/builds/e33dd492-d52f-4675-a7d1-d947294874e6","resourceUri":"https://console.cloud.google.com/cloud-build/builds;region=asia-northeast1/e33dd492-d52f-4675-a7d1-d947294874e6?project=90167880554"},{"name":"SERVICE","message":"Updating Cloud Run service","state":"IN_PROGRESS","resource":"projects/line-obsidian-notes-sync/locations/asia-northeast1/services/api","resourceUri":"https://console.cloud.google.com/run/detail/asia-northeast1/api?project=line-obsidian-notes-sync","stateMessages":[{"severity":"WARNING","type":"CloudRunServiceRecreated","message":"Cloud Run service projects/line-obsidian-notes-sync/locations/asia-northeast1/services/api for the function was not found. The service was redeployed with default values."}]}],"sourceToken":"Clpwcm9qZWN0cy85MDE2Nzg4MDU1NC9sb2NhdGlvbnMvYXNpYS1ub3J0aGVhc3QxL2J1aWxkcy9lMzNkZDQ5Mi1kNTJmLTQ2NzUtYTdkMS1kOTQ3Mjk0ODc0ZTYSggFhc2lhLW5vcnRoZWFzdDEtZG9ja2VyLnBrZy5kZXYvbGluZS1vYnNpZGlhbi1ub3Rlcy1zeW5jL2djZi1hcnRpZmFjdHMvbGluZS0tb2JzaWRpYW4tLW5vdGVzLS1zeW5jX19hc2lhLS1ub3J0aGVhc3QxX19hcGk6dmVyc2lvbl8xGOrWsvPPAiJJcHJvamVjdHMvbGluZS1vYnNpZGlhbi1ub3Rlcy1zeW5jL2xvY2F0aW9ucy9hc2lhLW5vcnRoZWFzdDEvZnVuY3Rpb25zL2FwaSoMCOzv3MAGEJCjgokDMghub2RlanMxODp6CiNnY3IuaW8vZ2FlLXJ1bnRpbWVzL25vZGVqczE4OnN0YWJsZRJTYXNpYS1ub3J0aGVhc3QxLWRvY2tlci5wa2cuZGV2L3NlcnZlcmxlc3MtcnVudGltZXMvZ29vZ2xlLTIyLWZ1bGwvcnVudGltZXMvbm9kZWpzMThAAQ==","operationType":"UPDATE_FUNCTION","buildName":"projects/90167880554/locations/asia-northeast1/builds/e33dd492-d52f-4675-a7d1-d947294874e6"},"done":false}
[debug] [2025-05-04T09:48:41.954Z] Got source token Clpwcm9qZWN0cy85MDE2Nzg4MDU1NC9sb2NhdGlvbnMvYXNpYS1ub3J0aGVhc3QxL2J1aWxkcy9lMzNkZDQ5Mi1kNTJmLTQ2NzUtYTdkMS1kOTQ3Mjk0ODc0ZTYSggFhc2lhLW5vcnRoZWFzdDEtZG9ja2VyLnBrZy5kZXYvbGluZS1vYnNpZGlhbi1ub3Rlcy1zeW5jL2djZi1hcnRpZmFjdHMvbGluZS0tb2JzaWRpYW4tLW5vdGVzLS1zeW5jX19hc2lhLS1ub3J0aGVhc3QxX19hcGk6dmVyc2lvbl8xGOrWsvPPAiJJcHJvamVjdHMvbGluZS1vYnNpZGlhbi1ub3Rlcy1zeW5jL2xvY2F0aW9ucy9hc2lhLW5vcnRoZWFzdDEvZnVuY3Rpb25zL2FwaSoMCOzv3MAGEJCjgokDMghub2RlanMxODp6CiNnY3IuaW8vZ2FlLXJ1bnRpbWVzL25vZGVqczE4OnN0YWJsZRJTYXNpYS1ub3J0aGVhc3QxLWRvY2tlci5wa2cuZGV2L3NlcnZlcmxlc3MtcnVudGltZXMvZ29vZ2xlLTIyLWZ1bGwvcnVudGltZXMvbm9kZWpzMThAAQ== for region asia-northeast1
[debug] [2025-05-04T09:48:51.954Z] [update-default-asia-northeast1-api] Retrying task index 0
[debug] [2025-05-04T09:48:51.955Z] Checked if tokens are valid: true, expires at: 1746354299205
[debug] [2025-05-04T09:48:51.955Z] Checked if tokens are valid: true, expires at: 1746354299205
[debug] [2025-05-04T09:48:51.955Z] >>> [apiv2][query] GET https://cloudfunctions.googleapis.com/v2/projects/line-obsidian-notes-sync/locations/asia-northeast1/operations/operation-1746352051623-6344c45b095e3-0db68beb-180bb3bd [none]
[debug] [2025-05-04T09:48:52.314Z] <<< [apiv2][status] GET https://cloudfunctions.googleapis.com/v2/projects/line-obsidian-notes-sync/locations/asia-northeast1/operations/operation-1746352051623-6344c45b095e3-0db68beb-180bb3bd 200
[debug] [2025-05-04T09:48:52.315Z] <<< [apiv2][body] GET https://cloudfunctions.googleapis.com/v2/projects/line-obsidian-notes-sync/locations/asia-northeast1/operations/operation-1746352051623-6344c45b095e3-0db68beb-180bb3bd {"name":"projects/line-obsidian-notes-sync/locations/asia-northeast1/operations/operation-1746352051623-6344c45b095e3-0db68beb-180bb3bd","metadata":{"@type":"type.googleapis.com/google.cloud.functions.v2.OperationMetadata","createTime":"2025-05-04T09:47:32.457559353Z","endTime":"2025-05-04T09:48:43.900889088Z","target":"projects/line-obsidian-notes-sync/locations/asia-northeast1/functions/api","verb":"update","cancelRequested":false,"apiVersion":"v2","requestResource":{"@type":"type.googleapis.com/google.cloud.functions.v2.Function","name":"projects/line-obsidian-notes-sync/locations/asia-northeast1/functions/api","buildConfig":{"runtime":"nodejs18","entryPoint":"api","source":{"storageSource":{"bucket":"gcf-v2-sources-90167880554-asia-northeast1","object":"api/function-source.zip","generation":"1746352052425673"}},"environmentVariables":{"GOOGLE_NODE_RUN_SCRIPTS":""},"dockerRepository":"projects/line-obsidian-notes-sync/locations/asia-northeast1/repositories/gcf-artifacts","sourceProvenance":{"resolvedStorageSource":{"bucket":"gcf-v2-sources-90167880554-asia-northeast1","object":"api/function-source.zip","generation":"1746351193773292"}},"dockerRegistry":"ARTIFACT_REGISTRY","serviceAccount":"projects/line-obsidian-notes-sync/serviceAccounts/90167880554-compute@developer.gserviceaccount.com","automaticUpdatePolicy":{}},"serviceConfig":{"service":"projects/line-obsidian-notes-sync/locations/asia-northeast1/services/api","timeoutSeconds":60,"environmentVariables":{"FIREBASE_CONFIG":"{\"projectId\":\"line-obsidian-notes-sync\",\"storageBucket\":\"line-obsidian-notes-sync.firebasestorage.app\"}","GCLOUD_PROJECT":"line-obsidian-notes-sync","EVENTARC_CLOUD_EVENT_SOURCE":"projects/line-obsidian-notes-sync/locations/asia-northeast1/services/api","FUNCTION_TARGET":"api","LOG_EXECUTION_ID":"true"},"ingressSettings":"ALLOW_ALL","serviceAccountEmail":"90167880554-compute@developer.gserviceaccount.com","availableMemory":"256Mi","maxInstanceRequestConcurrency":80,"availableCpu":"1"},"state":"FAILED","labels":{"firebase-functions-hash":"909e2f2de3cc5addc8c1adb107ea465e73f67be7"},"stateMessages":[{"severity":"ERROR","type":"CloudRunServiceNotFound","message":"Cloud Run service projects/line-obsidian-notes-sync/locations/asia-northeast1/services/api for the function was not found. The function will not work correctly. Please redeploy."}],"environment":"GEN_2","url":"https://asia-northeast1-line-obsidian-notes-sync.cloudfunctions.net/api","satisfiesPzi":true},"stages":[{"name":"SERVICE","state":"NOT_STARTED"}],"operationType":"UPDATE_FUNCTION"},"done":true,"error":{"code":3,"message":"Could not create or update Cloud Run service api, Container Healthcheck failed. Revision 'api-00001-ded' is not ready and cannot serve traffic. The user-provided container failed to start and listen on the port defined provided by the PORT=8080 environment variable within the allocated timeout. This can happen when the container port is misconfigured or if the timeout is too short. The health check timeout can be extended. Logs for this revision might contain more information.\n\nLogs URL: https://console.cloud.google.com/logs/viewer?project=line-obsidian-notes-sync&resource=cloud_run_revision/service_name/api/revision_name/api-00001-ded&advancedFilter=resource.type%3D%22cloud_run_revision%22%0Aresource.labels.service_name%3D%22api%22%0Aresource.labels.revision_name%3D%22api-00001-ded%22 \nFor more troubleshooting guidance, see https://cloud.google.com/run/docs/troubleshooting#container-failed-to-start"}}
[debug] [2025-05-04T09:48:52.315Z] Got source token undefined for region asia-northeast1
[error] Could not create or update Cloud Run service api, Container Healthcheck failed. Revision 'api-00001-ded' is not ready and cannot serve traffic. The user-provided container failed to start and listen on the port defined provided by the PORT=8080 environment variable within the allocated timeout. This can happen when the container port is misconfigured or if the timeout is too short. The health check timeout can be extended. Logs for this revision might contain more information.

Logs URL: https://console.cloud.google.com/logs/viewer?project=line-obsidian-notes-sync&resource=cloud_run_revision/service_name/api/revision_name/api-00001-ded&advancedFilter=resource.type%3D%22cloud_run_revision%22%0Aresource.labels.service_name%3D%22api%22%0Aresource.labels.revision_name%3D%22api-00001-ded%22 
For more troubleshooting guidance, see https://cloud.google.com/run/docs/troubleshooting#container-failed-to-start
[debug] [2025-05-04T09:48:52.323Z] Total Function Deployment time: 81056
[debug] [2025-05-04T09:48:52.323Z] 1 Functions Deployed
[debug] [2025-05-04T09:48:52.323Z] 1 Functions Errored
[debug] [2025-05-04T09:48:52.323Z] 0 Function Deployments Aborted
[debug] [2025-05-04T09:48:52.323Z] Average Function Deployment time: 81056
[info] 
[info] Functions deploy had errors with the following functions:
	api(asia-northeast1)
[debug] [2025-05-04T09:48:52.436Z] Not printing URL for HTTPS function. Typically this means it didn't match a filter or we failed deployment
[debug] [2025-05-04T09:48:52.437Z] Checked if tokens are valid: true, expires at: 1746354299205
[debug] [2025-05-04T09:48:52.437Z] Checked if tokens are valid: true, expires at: 1746354299205
[debug] [2025-05-04T09:48:52.437Z] >>> [apiv2][query] GET https://artifactregistry.googleapis.com/v1/projects/line-obsidian-notes-sync/locations/asia-northeast1/repositories/gcf-artifacts [none]
[debug] [2025-05-04T09:48:52.906Z] <<< [apiv2][status] GET https://artifactregistry.googleapis.com/v1/projects/line-obsidian-notes-sync/locations/asia-northeast1/repositories/gcf-artifacts 200
[debug] [2025-05-04T09:48:52.906Z] <<< [apiv2][body] GET https://artifactregistry.googleapis.com/v1/projects/line-obsidian-notes-sync/locations/asia-northeast1/repositories/gcf-artifacts {"name":"projects/line-obsidian-notes-sync/locations/asia-northeast1/repositories/gcf-artifacts","format":"DOCKER","description":"This repository is created and used by Cloud Functions for storing function docker images.","labels":{"goog-managed-by":"cloudfunctions"},"createTime":"2025-05-04T09:16:07.245444Z","updateTime":"2025-05-04T09:48:21.662192Z","mode":"STANDARD_REPOSITORY","cleanupPolicies":{"firebase-functions-cleanup":{"id":"firebase-functions-cleanup","action":"DELETE","condition":{"tagState":"ANY","olderThan":"86400s"}}},"sizeBytes":"153761749","vulnerabilityScanningConfig":{"lastEnableTime":"2025-05-04T09:15:57.924972994Z","enablementState":"SCANNING_DISABLED","enablementStateReason":"API containerscanning.googleapis.com is not enabled."},"satisfiesPzi":true,"registryUri":"asia-northeast1-docker.pkg.dev/line-obsidian-notes-sync/gcf-artifacts"}
[debug] [2025-05-04T09:48:52.906Z] Functions deploy failed.
[debug] [2025-05-04T09:48:52.906Z] {
  "endpoint": {
    "id": "api",
    "project": "line-obsidian-notes-sync",
    "region": "asia-northeast1",
    "entryPoint": "api",
    "platform": "gcfv2",
    "runtime": "nodejs18",
    "httpsTrigger": {},
    "labels": {
      "deployment-tool": "cli-firebase"
    },
    "serviceAccount": null,
    "ingressSettings": null,
    "availableMemoryMb": null,
    "timeoutSeconds": null,
    "maxInstances": null,
    "minInstances": null,
    "concurrency": 80,
    "vpc": null,
    "environmentVariables": {
      "FIREBASE_CONFIG": "{\"projectId\":\"line-obsidian-notes-sync\",\"storageBucket\":\"line-obsidian-notes-sync.firebasestorage.app\"}",
      "GCLOUD_PROJECT": "line-obsidian-notes-sync",
      "EVENTARC_CLOUD_EVENT_SOURCE": "projects/line-obsidian-notes-sync/locations/asia-northeast1/services/api"
    },
    "codebase": "default",
    "securityLevel": "SECURE_ALWAYS",
    "cpu": 1,
    "targetedByOnly": false,
    "hash": "909e2f2de3cc5addc8c1adb107ea465e73f67be7"
  },
  "op": "update",
  "original": {
    "name": "FirebaseError",
    "children": [],
    "exit": 1,
    "message": "Could not create or update Cloud Run service api, Container Healthcheck failed. Revision 'api-00001-ded' is not ready and cannot serve traffic. The user-provided container failed to start and listen on the port defined provided by the PORT=8080 environment variable within the allocated timeout. This can happen when the container port is misconfigured or if the timeout is too short. The health check timeout can be extended. Logs for this revision might contain more information.\n\nLogs URL: https://console.cloud.google.com/logs/viewer?project=line-obsidian-notes-sync&resource=cloud_run_revision/service_name/api/revision_name/api-00001-ded&advancedFilter=resource.type%3D%22cloud_run_revision%22%0Aresource.labels.service_name%3D%22api%22%0Aresource.labels.revision_name%3D%22api-00001-ded%22 \nFor more troubleshooting guidance, see https://cloud.google.com/run/docs/troubleshooting#container-failed-to-start",
    "original": {
      "code": 3,
      "message": "Could not create or update Cloud Run service api, Container Healthcheck failed. Revision 'api-00001-ded' is not ready and cannot serve traffic. The user-provided container failed to start and listen on the port defined provided by the PORT=8080 environment variable within the allocated timeout. This can happen when the container port is misconfigured or if the timeout is too short. The health check timeout can be extended. Logs for this revision might contain more information.\n\nLogs URL: https://console.cloud.google.com/logs/viewer?project=line-obsidian-notes-sync&resource=cloud_run_revision/service_name/api/revision_name/api-00001-ded&advancedFilter=resource.type%3D%22cloud_run_revision%22%0Aresource.labels.service_name%3D%22api%22%0Aresource.labels.revision_name%3D%22api-00001-ded%22 \nFor more troubleshooting guidance, see https://cloud.google.com/run/docs/troubleshooting#container-failed-to-start"
    },
    "status": 3,
    "code": 3
  }
}
[debug] [2025-05-04T09:48:52.957Z] Error: Failed to update function api in region asia-northeast1
    at /Users/kamenonagare/.nvm/versions/node/v22.14.0/lib/node_modules/firebase-tools/lib/deploy/functions/release/fabricator.js:399:19
    at process.processTicksAndRejections (node:internal/process/task_queues:105:5)
    at async Fabricator.updateV2Function (/Users/kamenonagare/.nvm/versions/node/v22.14.0/lib/node_modules/firebase-tools/lib/deploy/functions/release/fabricator.js:388:32)
    at async Fabricator.updateEndpoint (/Users/kamenonagare/.nvm/versions/node/v22.14.0/lib/node_modules/firebase-tools/lib/deploy/functions/release/fabricator.js:155:13)
    at async handle (/Users/kamenonagare/.nvm/versions/node/v22.14.0/lib/node_modules/firebase-tools/lib/deploy/functions/release/fabricator.js:89:17)
[error] 
[error] Error: There was an error deploying functions
